nohup: ignoring input
[Errno 104] Connection reset by peer
----------------- Options ---------------
               batch_size: 1                             
                    beta1: 0.5                           
          checkpoints_dir: ./checkpoints                 
           continue_train: False                         
                crop_size: 256                           
                 dataroot: ./datasets/facades            	[default: None]
             dataset_mode: aligned                       
                direction: BtoA                          	[default: AtoB]
              display_env: main                          
             display_freq: 400                           
               display_id: 1                             
            display_ncols: 4                             
             display_port: 8097                          
           display_server: http://localhost              
          display_winsize: 256                           
                    epoch: latest                        
              epoch_count: 1                             
                 gan_mode: vanilla                       
                  gpu_ids: 0                             
                init_gain: 0.02                          
                init_type: normal                        
                 input_nc: 3                             
                  isTrain: True                          	[default: None]
                lambda_L1: 100.0                         
                load_iter: 0                             	[default: 0]
                load_size: 286                           
                       lr: 0.0002                        
           lr_decay_iters: 50                            
                lr_policy: linear                        
         max_dataset_size: inf                           
                    model: pix2pix                       	[default: cycle_gan]
                 n_epochs: 100                           
           n_epochs_decay: 100                           
               n_layers_D: 3                             
                     name: facades_label2photo_pretrained	[default: experiment_name]
                      ndf: 64                            
                     netD: basic                         
                     netG: unet_256                      
                      ngf: 64                            
               no_dropout: False                         
                  no_flip: False                         
                  no_html: False                         
                     norm: batch                         
              num_threads: 4                             
                output_nc: 3                             
                    phase: train                         
                pool_size: 0                             
               preprocess: resize_and_crop               
               print_freq: 100                           
             save_by_iter: False                         
          save_epoch_freq: 5                             
         save_latest_freq: 5000                          
           serial_batches: False                         
                   suffix:                               
         update_html_freq: 1000                          
                use_wandb: False                         
                  verbose: False                         
       wandb_project_name: CycleGAN-and-pix2pix          
----------------- End -------------------
dataset [AlignedDataset] was created
The number of training images = 400
initialize network with normal
initialize network with normal
model [Pix2PixModel] was created
---------- Networks initialized -------------
[Network G] Total number of parameters : 54.414 M
[Network D] Total number of parameters : 2.769 M
-----------------------------------------------


Could not connect to Visdom server. 
 Trying to start a server....
Command: /root/miniconda3/envs/nam/bin/python -m visdom.server -p 8097 &>/dev/null &
create web directory ./checkpoints/facades_label2photo_pretrained/web...
learning rate 0.0002000 -> 0.0002000
/root/miniconda3/envs/nam/lib/python3.8/site-packages/torch/optim/lr_scheduler.py:129: UserWarning: Detected call of `lr_scheduler.step()` before `optimizer.step()`. In PyTorch 1.1.0 and later, you should call them in the opposite order: `optimizer.step()` before `lr_scheduler.step()`.  Failure to do this will result in PyTorch skipping the first value of the learning rate schedule. See more details at https://pytorch.org/docs/stable/optim.html#how-to-adjust-learning-rate
  warnings.warn("Detected call of `lr_scheduler.step()` before `optimizer.step()`. "
(epoch: 1, iters: 100, time: 0.083, data: 0.453) G_GAN: 2.326 G_L1: 37.808 D_real: 0.265 D_fake: 0.166 
(epoch: 1, iters: 200, time: 0.087, data: 0.002) G_GAN: 2.306 G_L1: 38.653 D_real: 0.036 D_fake: 0.083 
(epoch: 1, iters: 300, time: 0.089, data: 0.003) G_GAN: 2.795 G_L1: 28.145 D_real: 0.141 D_fake: 0.727 
(epoch: 1, iters: 400, time: 0.442, data: 0.002) G_GAN: 3.514 G_L1: 32.562 D_real: 0.018 D_fake: 0.039 
End of epoch 1 / 200 	 Time Taken: 26 sec
learning rate 0.0002000 -> 0.0002000
(epoch: 2, iters: 100, time: 0.106, data: 0.377) G_GAN: 1.946 G_L1: 28.220 D_real: 0.619 D_fake: 0.084 
(epoch: 2, iters: 200, time: 0.099, data: 0.001) G_GAN: 3.526 G_L1: 46.629 D_real: 0.028 D_fake: 0.257 
(epoch: 2, iters: 300, time: 0.099, data: 0.001) G_GAN: 1.607 G_L1: 29.533 D_real: 0.714 D_fake: 0.069 
(epoch: 2, iters: 400, time: 0.235, data: 0.002) G_GAN: 3.139 G_L1: 46.581 D_real: 0.008 D_fake: 0.123 
End of epoch 2 / 200 	 Time Taken: 24 sec
learning rate 0.0002000 -> 0.0002000
(epoch: 3, iters: 100, time: 0.101, data: 0.317) G_GAN: 3.239 G_L1: 39.496 D_real: 0.051 D_fake: 1.013 
(epoch: 3, iters: 200, time: 0.106, data: 0.003) G_GAN: 3.534 G_L1: 36.925 D_real: 0.067 D_fake: 0.112 
(epoch: 3, iters: 300, time: 0.083, data: 0.002) G_GAN: 3.597 G_L1: 46.829 D_real: 0.008 D_fake: 0.261 
(epoch: 3, iters: 400, time: 0.247, data: 0.002) G_GAN: 3.165 G_L1: 42.599 D_real: 0.012 D_fake: 0.114 
End of epoch 3 / 200 	 Time Taken: 24 sec
learning rate 0.0002000 -> 0.0002000
(epoch: 4, iters: 100, time: 0.105, data: 0.286) G_GAN: 1.902 G_L1: 31.372 D_real: 0.040 D_fake: 0.850 
(epoch: 4, iters: 200, time: 0.094, data: 0.002) G_GAN: 2.789 G_L1: 31.394 D_real: 0.131 D_fake: 0.238 
(epoch: 4, iters: 300, time: 0.106, data: 0.002) G_GAN: 2.355 G_L1: 26.096 D_real: 0.250 D_fake: 0.731 
(epoch: 4, iters: 400, time: 0.302, data: 0.003) G_GAN: 5.053 G_L1: 40.643 D_real: 0.033 D_fake: 0.014 
End of epoch 4 / 200 	 Time Taken: 24 sec
learning rate 0.0002000 -> 0.0002000
(epoch: 5, iters: 100, time: 0.091, data: 0.298) G_GAN: 3.897 G_L1: 48.733 D_real: 0.044 D_fake: 0.041 
(epoch: 5, iters: 200, time: 0.095, data: 0.003) G_GAN: 1.465 G_L1: 22.703 D_real: 0.683 D_fake: 0.989 
(epoch: 5, iters: 300, time: 0.099, data: 0.003) G_GAN: 1.199 G_L1: 39.058 D_real: 0.007 D_fake: 0.933 
(epoch: 5, iters: 400, time: 0.306, data: 0.002) G_GAN: 1.783 G_L1: 27.694 D_real: 0.345 D_fake: 0.353 
saving the model at the end of epoch 5, iters 2000
End of epoch 5 / 200 	 Time Taken: 27 sec
learning rate 0.0002000 -> 0.0002000
(epoch: 6, iters: 100, time: 0.100, data: 0.363) G_GAN: 1.421 G_L1: 30.974 D_real: 0.364 D_fake: 0.037 
(epoch: 6, iters: 200, time: 0.101, data: 0.002) G_GAN: 2.354 G_L1: 35.355 D_real: 0.003 D_fake: 1.005 
(epoch: 6, iters: 300, time: 0.091, data: 0.002) G_GAN: 1.981 G_L1: 26.467 D_real: 0.220 D_fake: 0.144 
(epoch: 6, iters: 400, time: 0.356, data: 0.003) G_GAN: 2.625 G_L1: 26.879 D_real: 0.091 D_fake: 0.133 
End of epoch 6 / 200 	 Time Taken: 25 sec
learning rate 0.0002000 -> 0.0002000
(epoch: 7, iters: 100, time: 0.107, data: 0.290) G_GAN: 1.373 G_L1: 23.611 D_real: 2.601 D_fake: 0.027 
(epoch: 7, iters: 200, time: 0.094, data: 0.003) G_GAN: 2.982 G_L1: 40.223 D_real: 0.019 D_fake: 2.152 
(epoch: 7, iters: 300, time: 0.094, data: 0.002) G_GAN: 3.025 G_L1: 38.332 D_real: 0.008 D_fake: 0.160 
(epoch: 7, iters: 400, time: 0.343, data: 0.003) G_GAN: 2.451 G_L1: 25.960 D_real: 0.229 D_fake: 0.095 
End of epoch 7 / 200 	 Time Taken: 24 sec
learning rate 0.0002000 -> 0.0002000
(epoch: 8, iters: 100, time: 0.090, data: 0.295) G_GAN: 2.565 G_L1: 35.339 D_real: 0.185 D_fake: 0.309 
(epoch: 8, iters: 200, time: 0.102, data: 0.004) G_GAN: 2.563 G_L1: 37.862 D_real: 0.088 D_fake: 0.099 
(epoch: 8, iters: 300, time: 0.087, data: 0.002) G_GAN: 3.881 G_L1: 41.763 D_real: 0.006 D_fake: 0.038 
(epoch: 8, iters: 400, time: 0.308, data: 0.003) G_GAN: 2.950 G_L1: 34.440 D_real: 0.282 D_fake: 0.054 
End of epoch 8 / 200 	 Time Taken: 25 sec
learning rate 0.0002000 -> 0.0002000
(epoch: 9, iters: 100, time: 0.101, data: 0.315) G_GAN: 2.151 G_L1: 34.435 D_real: 0.496 D_fake: 0.078 
(epoch: 9, iters: 200, time: 0.098, data: 0.002) G_GAN: 3.177 G_L1: 30.458 D_real: 0.029 D_fake: 0.608 
(epoch: 9, iters: 300, time: 0.097, data: 0.002) G_GAN: 2.655 G_L1: 32.829 D_real: 0.668 D_fake: 0.057 
(epoch: 9, iters: 400, time: 0.298, data: 0.002) G_GAN: 0.435 G_L1: 23.942 D_real: 2.545 D_fake: 0.080 
End of epoch 9 / 200 	 Time Taken: 25 sec
learning rate 0.0002000 -> 0.0002000
(epoch: 10, iters: 100, time: 0.102, data: 0.330) G_GAN: 3.879 G_L1: 44.848 D_real: 0.000 D_fake: 0.041 
(epoch: 10, iters: 200, time: 0.100, data: 0.001) G_GAN: 3.128 G_L1: 37.540 D_real: 0.003 D_fake: 0.099 
(epoch: 10, iters: 300, time: 0.101, data: 0.003) G_GAN: 2.603 G_L1: 38.824 D_real: 0.016 D_fake: 0.689 
(epoch: 10, iters: 400, time: 0.249, data: 0.001) G_GAN: 3.341 G_L1: 30.642 D_real: 0.020 D_fake: 0.706 
saving the model at the end of epoch 10, iters 4000
End of epoch 10 / 200 	 Time Taken: 27 sec
learning rate 0.0002000 -> 0.0002000
(epoch: 11, iters: 100, time: 0.106, data: 0.281) G_GAN: 3.222 G_L1: 35.585 D_real: 0.055 D_fake: 0.107 
(epoch: 11, iters: 200, time: 0.100, data: 0.002) G_GAN: 2.367 G_L1: 27.212 D_real: 0.237 D_fake: 0.104 
(epoch: 11, iters: 300, time: 0.100, data: 0.002) G_GAN: 3.587 G_L1: 29.292 D_real: 0.277 D_fake: 0.037 
(epoch: 11, iters: 400, time: 0.250, data: 0.002) G_GAN: 3.788 G_L1: 44.280 D_real: 0.020 D_fake: 0.037 
End of epoch 11 / 200 	 Time Taken: 24 sec
learning rate 0.0002000 -> 0.0002000
(epoch: 12, iters: 100, time: 0.108, data: 0.243) G_GAN: 2.660 G_L1: 28.518 D_real: 0.115 D_fake: 0.128 
(epoch: 12, iters: 200, time: 0.104, data: 0.001) G_GAN: 2.286 G_L1: 32.452 D_real: 0.626 D_fake: 0.104 
(epoch: 12, iters: 300, time: 0.102, data: 0.002) G_GAN: 4.109 G_L1: 43.915 D_real: 0.008 D_fake: 0.037 
(epoch: 12, iters: 400, time: 0.274, data: 0.001) G_GAN: 2.009 G_L1: 35.833 D_real: 0.014 D_fake: 0.200 
End of epoch 12 / 200 	 Time Taken: 24 sec
learning rate 0.0002000 -> 0.0002000
(epoch: 13, iters: 100, time: 0.102, data: 0.372) G_GAN: 3.527 G_L1: 32.872 D_real: 0.161 D_fake: 0.060 
(epoch: 13, iters: 200, time: 0.102, data: 0.001) G_GAN: 1.456 G_L1: 28.535 D_real: 0.673 D_fake: 0.091 
saving the latest model (epoch 13, total_iters 5000)
(epoch: 13, iters: 300, time: 0.105, data: 0.003) G_GAN: 0.916 G_L1: 23.443 D_real: 1.876 D_fake: 0.078 
(epoch: 13, iters: 400, time: 0.271, data: 0.001) G_GAN: 4.127 G_L1: 43.453 D_real: 0.012 D_fake: 0.034 
End of epoch 13 / 200 	 Time Taken: 27 sec
learning rate 0.0002000 -> 0.0002000
(epoch: 14, iters: 100, time: 0.107, data: 0.301) G_GAN: 2.731 G_L1: 26.509 D_real: 0.116 D_fake: 0.594 
(epoch: 14, iters: 200, time: 0.098, data: 0.001) G_GAN: 2.716 G_L1: 42.756 D_real: 0.046 D_fake: 0.119 
(epoch: 14, iters: 300, time: 0.095, data: 0.001) G_GAN: 2.402 G_L1: 41.616 D_real: 0.033 D_fake: 0.482 
(epoch: 14, iters: 400, time: 0.295, data: 0.001) G_GAN: 1.846 G_L1: 33.149 D_real: 0.140 D_fake: 1.146 
End of epoch 14 / 200 	 Time Taken: 25 sec
learning rate 0.0002000 -> 0.0002000
(epoch: 15, iters: 100, time: 0.098, data: 0.326) G_GAN: 2.168 G_L1: 28.764 D_real: 0.027 D_fake: 1.501 
(epoch: 15, iters: 200, time: 0.099, data: 0.002) G_GAN: 1.911 G_L1: 37.053 D_real: 0.673 D_fake: 0.054 
(epoch: 15, iters: 300, time: 0.099, data: 0.001) G_GAN: 2.816 G_L1: 31.573 D_real: 0.084 D_fake: 0.182 
(epoch: 15, iters: 400, time: 0.288, data: 0.001) G_GAN: 2.070 G_L1: 36.929 D_real: 0.220 D_fake: 0.259 
saving the model at the end of epoch 15, iters 6000
End of epoch 15 / 200 	 Time Taken: 27 sec
learning rate 0.0002000 -> 0.0002000
(epoch: 16, iters: 100, time: 0.093, data: 0.256) G_GAN: 0.791 G_L1: 20.591 D_real: 1.410 D_fake: 0.170 
(epoch: 16, iters: 200, time: 0.101, data: 0.002) G_GAN: 2.213 G_L1: 26.569 D_real: 0.158 D_fake: 0.282 
(epoch: 16, iters: 300, time: 0.097, data: 0.002) G_GAN: 2.450 G_L1: 37.319 D_real: 0.074 D_fake: 0.220 
(epoch: 16, iters: 400, time: 0.384, data: 0.003) G_GAN: 2.777 G_L1: 33.453 D_real: 0.025 D_fake: 0.097 
End of epoch 16 / 200 	 Time Taken: 25 sec
learning rate 0.0002000 -> 0.0002000
(epoch: 17, iters: 100, time: 0.099, data: 0.369) G_GAN: 1.747 G_L1: 35.490 D_real: 0.167 D_fake: 0.185 
(epoch: 17, iters: 200, time: 0.103, data: 0.001) G_GAN: 3.038 G_L1: 32.884 D_real: 0.229 D_fake: 0.046 
(epoch: 17, iters: 300, time: 0.100, data: 0.001) G_GAN: 0.657 G_L1: 33.226 D_real: 1.892 D_fake: 0.174 
(epoch: 17, iters: 400, time: 0.292, data: 0.001) G_GAN: 1.495 G_L1: 40.797 D_real: 0.042 D_fake: 0.475 
End of epoch 17 / 200 	 Time Taken: 25 sec
learning rate 0.0002000 -> 0.0002000
(epoch: 18, iters: 100, time: 0.101, data: 0.303) G_GAN: 2.489 G_L1: 33.994 D_real: 0.110 D_fake: 0.101 
(epoch: 18, iters: 200, time: 0.088, data: 0.002) G_GAN: 2.904 G_L1: 46.324 D_real: 0.003 D_fake: 0.115 
(epoch: 18, iters: 300, time: 0.097, data: 0.002) G_GAN: 2.786 G_L1: 29.161 D_real: 0.385 D_fake: 1.189 
(epoch: 18, iters: 400, time: 0.278, data: 0.002) G_GAN: 2.725 G_L1: 36.549 D_real: 0.132 D_fake: 0.091 
End of epoch 18 / 200 	 Time Taken: 24 sec
learning rate 0.0002000 -> 0.0002000
(epoch: 19, iters: 100, time: 0.101, data: 0.400) G_GAN: 1.835 G_L1: 32.063 D_real: 0.087 D_fake: 0.325 
(epoch: 19, iters: 200, time: 0.101, data: 0.002) G_GAN: 2.819 G_L1: 29.070 D_real: 0.036 D_fake: 0.177 
(epoch: 19, iters: 300, time: 0.102, data: 0.001) G_GAN: 2.037 G_L1: 25.472 D_real: 0.080 D_fake: 0.524 
(epoch: 19, iters: 400, time: 0.296, data: 0.001) G_GAN: 1.267 G_L1: 30.375 D_real: 1.816 D_fake: 0.105 
End of epoch 19 / 200 	 Time Taken: 25 sec
learning rate 0.0002000 -> 0.0002000
(epoch: 20, iters: 100, time: 0.101, data: 0.340) G_GAN: 2.016 G_L1: 41.235 D_real: 0.003 D_fake: 0.438 
(epoch: 20, iters: 200, time: 0.101, data: 0.001) G_GAN: 1.556 G_L1: 24.755 D_real: 0.482 D_fake: 0.222 
(epoch: 20, iters: 300, time: 0.107, data: 0.001) G_GAN: 3.144 G_L1: 31.224 D_real: 0.690 D_fake: 0.043 
(epoch: 20, iters: 400, time: 0.276, data: 0.002) G_GAN: 4.503 G_L1: 32.889 D_real: 0.333 D_fake: 0.016 
saving the model at the end of epoch 20, iters 8000
End of epoch 20 / 200 	 Time Taken: 27 sec
learning rate 0.0002000 -> 0.0002000
(epoch: 21, iters: 100, time: 0.108, data: 0.292) G_GAN: 2.618 G_L1: 28.708 D_real: 0.179 D_fake: 0.255 
(epoch: 21, iters: 200, time: 0.108, data: 0.001) G_GAN: 2.111 G_L1: 26.372 D_real: 0.988 D_fake: 0.035 
(epoch: 21, iters: 300, time: 0.101, data: 0.001) G_GAN: 1.792 G_L1: 42.326 D_real: 0.006 D_fake: 1.920 
(epoch: 21, iters: 400, time: 0.284, data: 0.001) G_GAN: 1.961 G_L1: 37.552 D_real: 0.157 D_fake: 0.152 
End of epoch 21 / 200 	 Time Taken: 24 sec
learning rate 0.0002000 -> 0.0002000
(epoch: 22, iters: 100, time: 0.090, data: 0.267) G_GAN: 3.366 G_L1: 40.015 D_real: 0.003 D_fake: 0.088 
(epoch: 22, iters: 200, time: 0.087, data: 0.003) G_GAN: 3.093 G_L1: 46.120 D_real: 0.007 D_fake: 0.212 
(epoch: 22, iters: 300, time: 0.107, data: 0.002) G_GAN: 2.474 G_L1: 24.784 D_real: 0.084 D_fake: 0.367 
(epoch: 22, iters: 400, time: 0.291, data: 0.001) G_GAN: 2.296 G_L1: 32.954 D_real: 0.013 D_fake: 0.275 
End of epoch 22 / 200 	 Time Taken: 24 sec
learning rate 0.0002000 -> 0.0002000
(epoch: 23, iters: 100, time: 0.104, data: 0.280) G_GAN: 2.141 G_L1: 25.469 D_real: 0.203 D_fake: 0.290 
(epoch: 23, iters: 200, time: 0.091, data: 0.001) G_GAN: 3.572 G_L1: 44.908 D_real: 0.100 D_fake: 0.038 
(epoch: 23, iters: 300, time: 0.101, data: 0.002) G_GAN: 1.116 G_L1: 23.816 D_real: 1.117 D_fake: 0.054 
(epoch: 23, iters: 400, time: 0.283, data: 0.001) G_GAN: 2.883 G_L1: 28.572 D_real: 0.256 D_fake: 0.075 
End of epoch 23 / 200 	 Time Taken: 24 sec
learning rate 0.0002000 -> 0.0002000
(epoch: 24, iters: 100, time: 0.104, data: 0.434) G_GAN: 2.201 G_L1: 32.305 D_real: 0.016 D_fake: 0.174 
(epoch: 24, iters: 200, time: 0.109, data: 0.002) G_GAN: 2.646 G_L1: 34.357 D_real: 0.199 D_fake: 0.077 
(epoch: 24, iters: 300, time: 0.101, data: 0.001) G_GAN: 3.396 G_L1: 28.046 D_real: 0.079 D_fake: 0.056 
(epoch: 24, iters: 400, time: 0.317, data: 0.002) G_GAN: 2.719 G_L1: 26.830 D_real: 0.173 D_fake: 0.160 
End of epoch 24 / 200 	 Time Taken: 25 sec
learning rate 0.0002000 -> 0.0002000
(epoch: 25, iters: 100, time: 0.102, data: 0.280) G_GAN: 3.406 G_L1: 33.995 D_real: 0.017 D_fake: 0.037 
(epoch: 25, iters: 200, time: 0.103, data: 0.002) G_GAN: 2.703 G_L1: 26.149 D_real: 0.167 D_fake: 0.242 
(epoch: 25, iters: 300, time: 0.084, data: 0.002) G_GAN: 2.784 G_L1: 33.507 D_real: 0.186 D_fake: 0.346 
(epoch: 25, iters: 400, time: 0.356, data: 0.003) G_GAN: 2.664 G_L1: 23.911 D_real: 0.211 D_fake: 0.090 
saving the latest model (epoch 25, total_iters 10000)
saving the model at the end of epoch 25, iters 10000
End of epoch 25 / 200 	 Time Taken: 30 sec
learning rate 0.0002000 -> 0.0002000
(epoch: 26, iters: 100, time: 0.088, data: 0.329) G_GAN: 2.219 G_L1: 31.945 D_real: 0.126 D_fake: 0.706 
(epoch: 26, iters: 200, time: 0.089, data: 0.003) G_GAN: 2.120 G_L1: 31.335 D_real: 0.418 D_fake: 0.066 
(epoch: 26, iters: 300, time: 0.094, data: 0.002) G_GAN: 2.460 G_L1: 31.708 D_real: 0.041 D_fake: 0.868 
(epoch: 26, iters: 400, time: 0.269, data: 0.004) G_GAN: 1.322 G_L1: 35.962 D_real: 0.002 D_fake: 0.627 
End of epoch 26 / 200 	 Time Taken: 25 sec
learning rate 0.0002000 -> 0.0002000
(epoch: 27, iters: 100, time: 0.082, data: 0.318) G_GAN: 0.968 G_L1: 30.379 D_real: 1.193 D_fake: 0.264 
(epoch: 27, iters: 200, time: 0.088, data: 0.002) G_GAN: 2.934 G_L1: 26.284 D_real: 0.256 D_fake: 0.118 
(epoch: 27, iters: 300, time: 0.098, data: 0.002) G_GAN: 2.965 G_L1: 36.592 D_real: 0.024 D_fake: 0.159 
(epoch: 27, iters: 400, time: 0.346, data: 0.002) G_GAN: 1.437 G_L1: 30.754 D_real: 0.779 D_fake: 0.310 
End of epoch 27 / 200 	 Time Taken: 25 sec
learning rate 0.0002000 -> 0.0002000
(epoch: 28, iters: 100, time: 0.101, data: 0.344) G_GAN: 0.959 G_L1: 22.829 D_real: 1.986 D_fake: 0.088 
(epoch: 28, iters: 200, time: 0.082, data: 0.002) G_GAN: 2.740 G_L1: 30.670 D_real: 0.002 D_fake: 0.566 
(epoch: 28, iters: 300, time: 0.093, data: 0.003) G_GAN: 2.624 G_L1: 30.805 D_real: 0.611 D_fake: 0.037 
(epoch: 28, iters: 400, time: 0.304, data: 0.002) G_GAN: 3.226 G_L1: 23.699 D_real: 0.432 D_fake: 0.037 
End of epoch 28 / 200 	 Time Taken: 25 sec
learning rate 0.0002000 -> 0.0002000
(epoch: 29, iters: 100, time: 0.103, data: 0.311) G_GAN: 2.755 G_L1: 30.800 D_real: 0.172 D_fake: 0.094 
(epoch: 29, iters: 200, time: 0.107, data: 0.002) G_GAN: 2.387 G_L1: 24.789 D_real: 0.972 D_fake: 0.031 
(epoch: 29, iters: 300, time: 0.102, data: 0.001) G_GAN: 1.419 G_L1: 25.344 D_real: 0.674 D_fake: 0.313 
(epoch: 29, iters: 400, time: 0.286, data: 0.001) G_GAN: 1.441 G_L1: 33.504 D_real: 2.114 D_fake: 0.031 
End of epoch 29 / 200 	 Time Taken: 24 sec
learning rate 0.0002000 -> 0.0002000
(epoch: 30, iters: 100, time: 0.108, data: 0.359) G_GAN: 1.806 G_L1: 39.960 D_real: 0.105 D_fake: 0.240 
(epoch: 30, iters: 200, time: 0.107, data: 0.001) G_GAN: 2.897 G_L1: 25.479 D_real: 0.092 D_fake: 0.193 
(epoch: 30, iters: 300, time: 0.101, data: 0.002) G_GAN: 1.819 G_L1: 34.734 D_real: 0.235 D_fake: 1.544 
(epoch: 30, iters: 400, time: 0.302, data: 0.001) G_GAN: 2.285 G_L1: 35.802 D_real: 0.008 D_fake: 0.556 
saving the model at the end of epoch 30, iters 12000
End of epoch 30 / 200 	 Time Taken: 27 sec
learning rate 0.0002000 -> 0.0002000
(epoch: 31, iters: 100, time: 0.090, data: 0.272) G_GAN: 1.307 G_L1: 25.090 D_real: 1.071 D_fake: 0.066 
(epoch: 31, iters: 200, time: 0.094, data: 0.002) G_GAN: 4.338 G_L1: 41.243 D_real: 0.016 D_fake: 0.022 
(epoch: 31, iters: 300, time: 0.106, data: 0.002) G_GAN: 1.127 G_L1: 20.318 D_real: 3.750 D_fake: 0.031 
(epoch: 31, iters: 400, time: 0.305, data: 0.002) G_GAN: 0.642 G_L1: 27.240 D_real: 1.885 D_fake: 0.320 
End of epoch 31 / 200 	 Time Taken: 25 sec
learning rate 0.0002000 -> 0.0002000
(epoch: 32, iters: 100, time: 0.102, data: 0.271) G_GAN: 1.836 G_L1: 33.472 D_real: 0.493 D_fake: 0.123 
(epoch: 32, iters: 200, time: 0.097, data: 0.002) G_GAN: 2.626 G_L1: 35.246 D_real: 0.007 D_fake: 0.136 
(epoch: 32, iters: 300, time: 0.097, data: 0.003) G_GAN: 3.141 G_L1: 27.376 D_real: 0.196 D_fake: 0.044 
(epoch: 32, iters: 400, time: 0.359, data: 0.002) G_GAN: 1.661 G_L1: 28.837 D_real: 0.954 D_fake: 0.158 
End of epoch 32 / 200 	 Time Taken: 25 sec
learning rate 0.0002000 -> 0.0002000
(epoch: 33, iters: 100, time: 0.107, data: 0.276) G_GAN: 3.450 G_L1: 24.746 D_real: 0.577 D_fake: 0.044 
(epoch: 33, iters: 200, time: 0.108, data: 0.001) G_GAN: 2.057 G_L1: 35.970 D_real: 0.018 D_fake: 0.177 
(epoch: 33, iters: 300, time: 0.086, data: 0.001) G_GAN: 2.468 G_L1: 35.983 D_real: 0.004 D_fake: 0.432 
(epoch: 33, iters: 400, time: 0.317, data: 0.002) G_GAN: 3.785 G_L1: 39.903 D_real: 0.354 D_fake: 0.044 
End of epoch 33 / 200 	 Time Taken: 24 sec
learning rate 0.0002000 -> 0.0002000
(epoch: 34, iters: 100, time: 0.102, data: 0.311) G_GAN: 1.913 G_L1: 24.329 D_real: 0.005 D_fake: 0.434 
(epoch: 34, iters: 200, time: 0.101, data: 0.001) G_GAN: 2.398 G_L1: 30.022 D_real: 0.023 D_fake: 0.346 
(epoch: 34, iters: 300, time: 0.106, data: 0.002) G_GAN: 2.688 G_L1: 28.522 D_real: 0.009 D_fake: 0.139 
(epoch: 34, iters: 400, time: 0.339, data: 0.001) G_GAN: 3.094 G_L1: 33.409 D_real: 0.006 D_fake: 0.309 
End of epoch 34 / 200 	 Time Taken: 25 sec
learning rate 0.0002000 -> 0.0002000
(epoch: 35, iters: 100, time: 0.100, data: 0.375) G_GAN: 3.831 G_L1: 23.053 D_real: 0.011 D_fake: 2.385 
(epoch: 35, iters: 200, time: 0.101, data: 0.002) G_GAN: 2.211 G_L1: 35.479 D_real: 0.002 D_fake: 0.362 
(epoch: 35, iters: 300, time: 0.100, data: 0.001) G_GAN: 1.469 G_L1: 27.992 D_real: 0.359 D_fake: 0.231 
(epoch: 35, iters: 400, time: 0.314, data: 0.001) G_GAN: 3.205 G_L1: 27.536 D_real: 0.336 D_fake: 0.076 
saving the model at the end of epoch 35, iters 14000
End of epoch 35 / 200 	 Time Taken: 27 sec
learning rate 0.0002000 -> 0.0002000
(epoch: 36, iters: 100, time: 0.096, data: 0.312) G_GAN: 2.372 G_L1: 42.569 D_real: 0.000 D_fake: 0.185 
(epoch: 36, iters: 200, time: 0.107, data: 0.002) G_GAN: 2.803 G_L1: 28.200 D_real: 1.392 D_fake: 0.018 
(epoch: 36, iters: 300, time: 0.106, data: 0.001) G_GAN: 3.858 G_L1: 35.722 D_real: 0.024 D_fake: 0.054 
(epoch: 36, iters: 400, time: 0.382, data: 0.001) G_GAN: 4.517 G_L1: 36.436 D_real: 0.069 D_fake: 0.054 
End of epoch 36 / 200 	 Time Taken: 25 sec
learning rate 0.0002000 -> 0.0002000
(epoch: 37, iters: 100, time: 0.103, data: 0.315) G_GAN: 0.459 G_L1: 24.277 D_real: 1.787 D_fake: 0.130 
(epoch: 37, iters: 200, time: 0.106, data: 0.001) G_GAN: 2.214 G_L1: 19.885 D_real: 0.076 D_fake: 0.266 
(epoch: 37, iters: 300, time: 0.105, data: 0.002) G_GAN: 2.257 G_L1: 33.077 D_real: 0.144 D_fake: 0.225 
(epoch: 37, iters: 400, time: 0.298, data: 0.001) G_GAN: 2.520 G_L1: 32.355 D_real: 0.024 D_fake: 0.607 
End of epoch 37 / 200 	 Time Taken: 24 sec
learning rate 0.0002000 -> 0.0002000
(epoch: 38, iters: 100, time: 0.096, data: 0.319) G_GAN: 2.005 G_L1: 25.859 D_real: 0.032 D_fake: 1.013 
(epoch: 38, iters: 200, time: 0.102, data: 0.002) G_GAN: 2.043 G_L1: 26.732 D_real: 0.490 D_fake: 0.066 
saving the latest model (epoch 38, total_iters 15000)
(epoch: 38, iters: 300, time: 0.104, data: 0.002) G_GAN: 3.401 G_L1: 36.723 D_real: 0.029 D_fake: 0.125 
(epoch: 38, iters: 400, time: 0.302, data: 0.001) G_GAN: 2.533 G_L1: 27.533 D_real: 0.181 D_fake: 0.752 
End of epoch 38 / 200 	 Time Taken: 27 sec
learning rate 0.0002000 -> 0.0002000
(epoch: 39, iters: 100, time: 0.101, data: 0.615) G_GAN: 2.333 G_L1: 24.001 D_real: 0.226 D_fake: 1.597 
(epoch: 39, iters: 200, time: 0.106, data: 0.001) G_GAN: 1.889 G_L1: 31.597 D_real: 0.007 D_fake: 0.975 
(epoch: 39, iters: 300, time: 0.103, data: 0.001) G_GAN: 2.561 G_L1: 26.778 D_real: 0.230 D_fake: 0.071 
(epoch: 39, iters: 400, time: 0.402, data: 0.002) G_GAN: 3.861 G_L1: 27.745 D_real: 0.012 D_fake: 0.582 
End of epoch 39 / 200 	 Time Taken: 25 sec
learning rate 0.0002000 -> 0.0002000
(epoch: 40, iters: 100, time: 0.101, data: 0.260) G_GAN: 2.657 G_L1: 31.264 D_real: 0.102 D_fake: 0.335 
(epoch: 40, iters: 200, time: 0.100, data: 0.001) G_GAN: 3.247 G_L1: 31.753 D_real: 0.015 D_fake: 0.192 
(epoch: 40, iters: 300, time: 0.107, data: 0.002) G_GAN: 1.337 G_L1: 23.478 D_real: 1.155 D_fake: 0.121 
(epoch: 40, iters: 400, time: 0.298, data: 0.001) G_GAN: 3.106 G_L1: 44.575 D_real: 0.009 D_fake: 0.104 
saving the model at the end of epoch 40, iters 16000
End of epoch 40 / 200 	 Time Taken: 27 sec
learning rate 0.0002000 -> 0.0002000
(epoch: 41, iters: 100, time: 0.099, data: 0.394) G_GAN: 3.121 G_L1: 34.657 D_real: 0.069 D_fake: 0.090 
(epoch: 41, iters: 200, time: 0.099, data: 0.002) G_GAN: 3.862 G_L1: 27.902 D_real: 0.002 D_fake: 1.029 
(epoch: 41, iters: 300, time: 0.101, data: 0.002) G_GAN: 2.984 G_L1: 44.739 D_real: 0.048 D_fake: 0.096 
(epoch: 41, iters: 400, time: 0.407, data: 0.002) G_GAN: 3.667 G_L1: 36.342 D_real: 0.090 D_fake: 0.035 
End of epoch 41 / 200 	 Time Taken: 25 sec
learning rate 0.0002000 -> 0.0002000
(epoch: 42, iters: 100, time: 0.103, data: 0.712) G_GAN: 2.344 G_L1: 29.810 D_real: 0.023 D_fake: 0.413 
(epoch: 42, iters: 200, time: 0.090, data: 0.001) G_GAN: 2.634 G_L1: 23.612 D_real: 0.761 D_fake: 0.050 
(epoch: 42, iters: 300, time: 0.102, data: 0.002) G_GAN: 3.505 G_L1: 33.549 D_real: 0.019 D_fake: 0.060 
(epoch: 42, iters: 400, time: 0.316, data: 0.001) G_GAN: 1.261 G_L1: 24.764 D_real: 0.701 D_fake: 0.236 
End of epoch 42 / 200 	 Time Taken: 25 sec
learning rate 0.0002000 -> 0.0002000
(epoch: 43, iters: 100, time: 0.092, data: 0.267) G_GAN: 1.125 G_L1: 24.686 D_real: 0.522 D_fake: 0.520 
(epoch: 43, iters: 200, time: 0.099, data: 0.002) G_GAN: 2.538 G_L1: 20.338 D_real: 0.197 D_fake: 0.182 
(epoch: 43, iters: 300, time: 0.087, data: 0.002) G_GAN: 1.731 G_L1: 26.851 D_real: 0.715 D_fake: 0.231 
(epoch: 43, iters: 400, time: 0.386, data: 0.002) G_GAN: 3.954 G_L1: 37.723 D_real: 0.052 D_fake: 0.062 
End of epoch 43 / 200 	 Time Taken: 25 sec
learning rate 0.0002000 -> 0.0002000
(epoch: 44, iters: 100, time: 0.108, data: 0.296) G_GAN: 2.403 G_L1: 33.825 D_real: 0.632 D_fake: 0.055 
(epoch: 44, iters: 200, time: 0.094, data: 0.003) G_GAN: 3.721 G_L1: 34.138 D_real: 0.054 D_fake: 0.091 
(epoch: 44, iters: 300, time: 0.088, data: 0.002) G_GAN: 3.425 G_L1: 39.410 D_real: 0.035 D_fake: 0.117 
(epoch: 44, iters: 400, time: 0.378, data: 0.002) G_GAN: 2.394 G_L1: 28.387 D_real: 0.845 D_fake: 0.050 
End of epoch 44 / 200 	 Time Taken: 25 sec
learning rate 0.0002000 -> 0.0002000
(epoch: 45, iters: 100, time: 0.107, data: 0.291) G_GAN: 2.984 G_L1: 28.303 D_real: 0.047 D_fake: 1.272 
(epoch: 45, iters: 200, time: 0.087, data: 0.002) G_GAN: 1.145 G_L1: 19.823 D_real: 1.077 D_fake: 0.271 
(epoch: 45, iters: 300, time: 0.099, data: 0.001) G_GAN: 0.795 G_L1: 23.428 D_real: 1.623 D_fake: 0.054 
(epoch: 45, iters: 400, time: 0.415, data: 0.003) G_GAN: 2.210 G_L1: 19.286 D_real: 1.324 D_fake: 0.028 
saving the model at the end of epoch 45, iters 18000
End of epoch 45 / 200 	 Time Taken: 28 sec
learning rate 0.0002000 -> 0.0002000
(epoch: 46, iters: 100, time: 0.095, data: 0.291) G_GAN: 3.912 G_L1: 38.640 D_real: 0.002 D_fake: 0.026 
(epoch: 46, iters: 200, time: 0.081, data: 0.002) G_GAN: 3.864 G_L1: 20.202 D_real: 0.163 D_fake: 0.028 
(epoch: 46, iters: 300, time: 0.085, data: 0.002) G_GAN: 4.054 G_L1: 25.101 D_real: 0.230 D_fake: 0.031 
(epoch: 46, iters: 400, time: 0.424, data: 0.003) G_GAN: 3.356 G_L1: 34.873 D_real: 0.006 D_fake: 0.253 
End of epoch 46 / 200 	 Time Taken: 25 sec
learning rate 0.0002000 -> 0.0002000
(epoch: 47, iters: 100, time: 0.096, data: 0.341) G_GAN: 2.123 G_L1: 41.458 D_real: 0.000 D_fake: 0.253 
(epoch: 47, iters: 200, time: 0.100, data: 0.004) G_GAN: 2.263 G_L1: 19.356 D_real: 0.020 D_fake: 0.910 
(epoch: 47, iters: 300, time: 0.085, data: 0.003) G_GAN: 3.153 G_L1: 25.716 D_real: 0.163 D_fake: 0.097 
(epoch: 47, iters: 400, time: 0.449, data: 0.004) G_GAN: 2.687 G_L1: 26.694 D_real: 0.135 D_fake: 0.119 
End of epoch 47 / 200 	 Time Taken: 25 sec
learning rate 0.0002000 -> 0.0002000
(epoch: 48, iters: 100, time: 0.098, data: 0.446) G_GAN: 2.423 G_L1: 23.722 D_real: 0.435 D_fake: 0.059 
(epoch: 48, iters: 200, time: 0.100, data: 0.002) G_GAN: 2.447 G_L1: 27.664 D_real: 0.116 D_fake: 0.340 
(epoch: 48, iters: 300, time: 0.100, data: 0.003) G_GAN: 3.704 G_L1: 33.683 D_real: 0.010 D_fake: 0.046 
(epoch: 48, iters: 400, time: 0.549, data: 0.004) G_GAN: 2.354 G_L1: 22.669 D_real: 0.103 D_fake: 0.097 
End of epoch 48 / 200 	 Time Taken: 25 sec
learning rate 0.0002000 -> 0.0002000
(epoch: 49, iters: 100, time: 0.083, data: 0.396) G_GAN: 2.656 G_L1: 31.372 D_real: 0.015 D_fake: 0.355 
(epoch: 49, iters: 200, time: 0.101, data: 0.001) G_GAN: 3.289 G_L1: 20.752 D_real: 0.357 D_fake: 0.024 
(epoch: 49, iters: 300, time: 0.108, data: 0.003) G_GAN: 1.306 G_L1: 29.073 D_real: 0.547 D_fake: 0.345 
(epoch: 49, iters: 400, time: 0.376, data: 0.003) G_GAN: 4.021 G_L1: 31.555 D_real: 0.032 D_fake: 0.041 
End of epoch 49 / 200 	 Time Taken: 25 sec
learning rate 0.0002000 -> 0.0002000
(epoch: 50, iters: 100, time: 0.092, data: 0.310) G_GAN: 3.184 G_L1: 24.950 D_real: 0.468 D_fake: 0.064 
(epoch: 50, iters: 200, time: 0.100, data: 0.003) G_GAN: 0.886 G_L1: 19.418 D_real: 0.901 D_fake: 0.705 
(epoch: 50, iters: 300, time: 0.105, data: 0.002) G_GAN: 3.432 G_L1: 27.836 D_real: 1.727 D_fake: 0.005 
(epoch: 50, iters: 400, time: 0.471, data: 0.002) G_GAN: 2.449 G_L1: 27.659 D_real: 0.244 D_fake: 0.226 
saving the latest model (epoch 50, total_iters 20000)
saving the model at the end of epoch 50, iters 20000
End of epoch 50 / 200 	 Time Taken: 30 sec
learning rate 0.0002000 -> 0.0002000
(epoch: 51, iters: 100, time: 0.106, data: 0.317) G_GAN: 2.515 G_L1: 27.861 D_real: 0.050 D_fake: 0.449 
(epoch: 51, iters: 200, time: 0.093, data: 0.002) G_GAN: 2.819 G_L1: 24.302 D_real: 0.009 D_fake: 0.121 
(epoch: 51, iters: 300, time: 0.099, data: 0.003) G_GAN: 2.434 G_L1: 26.287 D_real: 0.303 D_fake: 0.175 
(epoch: 51, iters: 400, time: 0.514, data: 0.003) G_GAN: 3.780 G_L1: 37.807 D_real: 0.068 D_fake: 0.038 
End of epoch 51 / 200 	 Time Taken: 25 sec
learning rate 0.0002000 -> 0.0002000
(epoch: 52, iters: 100, time: 0.098, data: 0.341) G_GAN: 3.549 G_L1: 24.787 D_real: 0.129 D_fake: 0.051 
(epoch: 52, iters: 200, time: 0.100, data: 0.001) G_GAN: 4.114 G_L1: 25.822 D_real: 0.024 D_fake: 0.737 
(epoch: 52, iters: 300, time: 0.098, data: 0.003) G_GAN: 2.772 G_L1: 28.479 D_real: 0.004 D_fake: 0.171 
(epoch: 52, iters: 400, time: 0.436, data: 0.002) G_GAN: 1.384 G_L1: 22.882 D_real: 0.157 D_fake: 0.340 
End of epoch 52 / 200 	 Time Taken: 25 sec
learning rate 0.0002000 -> 0.0002000
(epoch: 53, iters: 100, time: 0.097, data: 0.285) G_GAN: 4.233 G_L1: 31.822 D_real: 0.062 D_fake: 0.034 
(epoch: 53, iters: 200, time: 0.092, data: 0.002) G_GAN: 2.085 G_L1: 21.140 D_real: 0.345 D_fake: 0.066 
(epoch: 53, iters: 300, time: 0.090, data: 0.003) G_GAN: 2.576 G_L1: 21.271 D_real: 0.138 D_fake: 0.108 
(epoch: 53, iters: 400, time: 0.514, data: 0.003) G_GAN: 2.983 G_L1: 37.574 D_real: 0.001 D_fake: 0.557 
End of epoch 53 / 200 	 Time Taken: 25 sec
learning rate 0.0002000 -> 0.0002000
(epoch: 54, iters: 100, time: 0.099, data: 0.280) G_GAN: 1.927 G_L1: 21.538 D_real: 0.209 D_fake: 0.328 
(epoch: 54, iters: 200, time: 0.100, data: 0.003) G_GAN: 2.262 G_L1: 23.321 D_real: 0.398 D_fake: 0.585 
(epoch: 54, iters: 300, time: 0.098, data: 0.003) G_GAN: 4.728 G_L1: 36.816 D_real: 0.059 D_fake: 0.029 
(epoch: 54, iters: 400, time: 0.464, data: 0.004) G_GAN: 2.178 G_L1: 42.763 D_real: 0.008 D_fake: 0.202 
End of epoch 54 / 200 	 Time Taken: 25 sec
learning rate 0.0002000 -> 0.0002000
(epoch: 55, iters: 100, time: 0.101, data: 0.285) G_GAN: 2.691 G_L1: 23.081 D_real: 0.066 D_fake: 0.628 
(epoch: 55, iters: 200, time: 0.108, data: 0.003) G_GAN: 3.311 G_L1: 29.446 D_real: 0.010 D_fake: 0.042 
(epoch: 55, iters: 300, time: 0.099, data: 0.003) G_GAN: 1.851 G_L1: 26.168 D_real: 2.530 D_fake: 0.025 
(epoch: 55, iters: 400, time: 0.467, data: 0.002) G_GAN: 2.112 G_L1: 25.817 D_real: 0.009 D_fake: 0.585 
saving the model at the end of epoch 55, iters 22000
End of epoch 55 / 200 	 Time Taken: 28 sec
learning rate 0.0002000 -> 0.0002000
(epoch: 56, iters: 100, time: 0.096, data: 0.273) G_GAN: 3.294 G_L1: 29.298 D_real: 0.022 D_fake: 0.451 
(epoch: 56, iters: 200, time: 0.103, data: 0.003) G_GAN: 3.235 G_L1: 30.756 D_real: 0.036 D_fake: 0.072 
(epoch: 56, iters: 300, time: 0.097, data: 0.002) G_GAN: 2.893 G_L1: 25.159 D_real: 0.684 D_fake: 0.019 
(epoch: 56, iters: 400, time: 0.514, data: 0.003) G_GAN: 2.671 G_L1: 23.324 D_real: 0.769 D_fake: 0.055 
End of epoch 56 / 200 	 Time Taken: 25 sec
learning rate 0.0002000 -> 0.0002000
(epoch: 57, iters: 100, time: 0.106, data: 0.316) G_GAN: 4.913 G_L1: 36.683 D_real: 0.068 D_fake: 1.205 
(epoch: 57, iters: 200, time: 0.108, data: 0.002) G_GAN: 1.742 G_L1: 24.195 D_real: 0.599 D_fake: 0.215 
(epoch: 57, iters: 300, time: 0.106, data: 0.002) G_GAN: 2.674 G_L1: 24.352 D_real: 0.032 D_fake: 1.059 
(epoch: 57, iters: 400, time: 0.434, data: 0.003) G_GAN: 3.126 G_L1: 27.980 D_real: 0.073 D_fake: 0.134 
End of epoch 57 / 200 	 Time Taken: 25 sec
learning rate 0.0002000 -> 0.0002000
(epoch: 58, iters: 100, time: 0.090, data: 0.268) G_GAN: 3.659 G_L1: 32.025 D_real: 0.554 D_fake: 0.012 
(epoch: 58, iters: 200, time: 0.091, data: 0.004) G_GAN: 2.015 G_L1: 24.853 D_real: 0.270 D_fake: 0.173 
(epoch: 58, iters: 300, time: 0.099, data: 0.003) G_GAN: 2.535 G_L1: 29.073 D_real: 0.107 D_fake: 0.131 
(epoch: 58, iters: 400, time: 0.352, data: 0.003) G_GAN: 3.523 G_L1: 39.373 D_real: 0.001 D_fake: 0.078 
End of epoch 58 / 200 	 Time Taken: 25 sec
learning rate 0.0002000 -> 0.0002000
(epoch: 59, iters: 100, time: 0.099, data: 0.294) G_GAN: 1.080 G_L1: 23.244 D_real: 0.842 D_fake: 0.089 
(epoch: 59, iters: 200, time: 0.105, data: 0.002) G_GAN: 2.954 G_L1: 27.066 D_real: 0.083 D_fake: 0.281 
(epoch: 59, iters: 300, time: 0.098, data: 0.002) G_GAN: 3.115 G_L1: 21.864 D_real: 0.349 D_fake: 0.048 
(epoch: 59, iters: 400, time: 0.382, data: 0.001) G_GAN: 2.402 G_L1: 26.213 D_real: 0.065 D_fake: 0.142 
End of epoch 59 / 200 	 Time Taken: 24 sec
learning rate 0.0002000 -> 0.0002000
(epoch: 60, iters: 100, time: 0.105, data: 0.283) G_GAN: 1.903 G_L1: 21.710 D_real: 0.568 D_fake: 0.154 
(epoch: 60, iters: 200, time: 0.104, data: 0.002) G_GAN: 1.781 G_L1: 23.584 D_real: 0.047 D_fake: 0.274 
(epoch: 60, iters: 300, time: 0.098, data: 0.001) G_GAN: 2.918 G_L1: 26.404 D_real: 0.133 D_fake: 0.071 
(epoch: 60, iters: 400, time: 0.353, data: 0.001) G_GAN: 2.290 G_L1: 24.317 D_real: 0.388 D_fake: 0.776 
saving the model at the end of epoch 60, iters 24000
End of epoch 60 / 200 	 Time Taken: 27 sec
learning rate 0.0002000 -> 0.0002000
(epoch: 61, iters: 100, time: 0.099, data: 0.331) G_GAN: 2.937 G_L1: 26.807 D_real: 0.142 D_fake: 0.294 
(epoch: 61, iters: 200, time: 0.106, data: 0.004) G_GAN: 1.497 G_L1: 21.966 D_real: 1.867 D_fake: 0.046 
(epoch: 61, iters: 300, time: 0.099, data: 0.002) G_GAN: 2.923 G_L1: 30.391 D_real: 0.088 D_fake: 0.160 
(epoch: 61, iters: 400, time: 0.337, data: 0.002) G_GAN: 3.141 G_L1: 25.918 D_real: 0.191 D_fake: 0.094 
End of epoch 61 / 200 	 Time Taken: 25 sec
learning rate 0.0002000 -> 0.0002000
(epoch: 62, iters: 100, time: 0.102, data: 0.286) G_GAN: 2.617 G_L1: 24.818 D_real: 0.041 D_fake: 0.759 
(epoch: 62, iters: 200, time: 0.104, data: 0.002) G_GAN: 4.221 G_L1: 26.889 D_real: 0.028 D_fake: 0.040 
(epoch: 62, iters: 300, time: 0.100, data: 0.002) G_GAN: 4.047 G_L1: 33.473 D_real: 0.003 D_fake: 0.033 
(epoch: 62, iters: 400, time: 0.379, data: 0.001) G_GAN: 3.070 G_L1: 17.874 D_real: 0.110 D_fake: 0.590 
End of epoch 62 / 200 	 Time Taken: 25 sec
learning rate 0.0002000 -> 0.0002000
(epoch: 63, iters: 100, time: 0.099, data: 0.516) G_GAN: 3.593 G_L1: 26.061 D_real: 0.018 D_fake: 0.167 
(epoch: 63, iters: 200, time: 0.098, data: 0.002) G_GAN: 2.892 G_L1: 28.895 D_real: 0.123 D_fake: 0.131 
saving the latest model (epoch 63, total_iters 25000)
(epoch: 63, iters: 300, time: 0.099, data: 0.002) G_GAN: 1.914 G_L1: 25.343 D_real: 0.235 D_fake: 0.234 
(epoch: 63, iters: 400, time: 0.475, data: 0.001) G_GAN: 3.867 G_L1: 37.078 D_real: 0.004 D_fake: 1.044 
End of epoch 63 / 200 	 Time Taken: 27 sec
learning rate 0.0002000 -> 0.0002000
(epoch: 64, iters: 100, time: 0.108, data: 0.251) G_GAN: 2.375 G_L1: 23.520 D_real: 0.041 D_fake: 0.450 
(epoch: 64, iters: 200, time: 0.101, data: 0.001) G_GAN: 1.545 G_L1: 19.195 D_real: 0.708 D_fake: 0.162 
(epoch: 64, iters: 300, time: 0.088, data: 0.002) G_GAN: 3.737 G_L1: 27.974 D_real: 0.228 D_fake: 0.024 
(epoch: 64, iters: 400, time: 0.447, data: 0.002) G_GAN: 2.603 G_L1: 26.847 D_real: 0.271 D_fake: 0.150 
End of epoch 64 / 200 	 Time Taken: 25 sec
learning rate 0.0002000 -> 0.0002000
(epoch: 65, iters: 100, time: 0.099, data: 0.323) G_GAN: 7.342 G_L1: 37.434 D_real: 0.002 D_fake: 1.751 
(epoch: 65, iters: 200, time: 0.104, data: 0.002) G_GAN: 3.090 G_L1: 33.670 D_real: 0.002 D_fake: 0.116 
(epoch: 65, iters: 300, time: 0.106, data: 0.002) G_GAN: 1.589 G_L1: 24.295 D_real: 0.685 D_fake: 0.071 
(epoch: 65, iters: 400, time: 0.460, data: 0.001) G_GAN: 3.483 G_L1: 30.821 D_real: 0.007 D_fake: 0.101 
saving the model at the end of epoch 65, iters 26000
End of epoch 65 / 200 	 Time Taken: 27 sec
learning rate 0.0002000 -> 0.0002000
(epoch: 66, iters: 100, time: 0.099, data: 0.433) G_GAN: 2.842 G_L1: 21.702 D_real: 0.149 D_fake: 0.224 
(epoch: 66, iters: 200, time: 0.097, data: 0.001) G_GAN: 2.794 G_L1: 24.209 D_real: 0.066 D_fake: 0.229 
(epoch: 66, iters: 300, time: 0.082, data: 0.001) G_GAN: 2.757 G_L1: 24.394 D_real: 0.058 D_fake: 0.447 
(epoch: 66, iters: 400, time: 0.390, data: 0.002) G_GAN: 1.672 G_L1: 21.205 D_real: 0.761 D_fake: 0.167 
End of epoch 66 / 200 	 Time Taken: 25 sec
learning rate 0.0002000 -> 0.0002000
(epoch: 67, iters: 100, time: 0.107, data: 0.341) G_GAN: 1.852 G_L1: 24.401 D_real: 1.818 D_fake: 0.019 
(epoch: 67, iters: 200, time: 0.098, data: 0.001) G_GAN: 1.572 G_L1: 18.172 D_real: 0.355 D_fake: 0.146 
(epoch: 67, iters: 300, time: 0.091, data: 0.003) G_GAN: 2.339 G_L1: 26.609 D_real: 0.200 D_fake: 0.068 
(epoch: 67, iters: 400, time: 0.368, data: 0.002) G_GAN: 1.777 G_L1: 27.078 D_real: 0.084 D_fake: 0.314 
End of epoch 67 / 200 	 Time Taken: 25 sec
learning rate 0.0002000 -> 0.0002000
(epoch: 68, iters: 100, time: 0.101, data: 0.304) G_GAN: 2.130 G_L1: 22.427 D_real: 0.159 D_fake: 0.274 
(epoch: 68, iters: 200, time: 0.092, data: 0.001) G_GAN: 2.135 G_L1: 26.237 D_real: 0.517 D_fake: 0.042 
(epoch: 68, iters: 300, time: 0.091, data: 0.001) G_GAN: 1.854 G_L1: 18.618 D_real: 0.325 D_fake: 0.264 
(epoch: 68, iters: 400, time: 0.359, data: 0.003) G_GAN: 3.792 G_L1: 35.280 D_real: 0.002 D_fake: 0.077 
End of epoch 68 / 200 	 Time Taken: 25 sec
learning rate 0.0002000 -> 0.0002000
(epoch: 69, iters: 100, time: 0.109, data: 0.236) G_GAN: 3.141 G_L1: 21.668 D_real: 0.040 D_fake: 0.168 
(epoch: 69, iters: 200, time: 0.104, data: 0.001) G_GAN: 1.888 G_L1: 23.477 D_real: 0.619 D_fake: 0.102 
(epoch: 69, iters: 300, time: 0.108, data: 0.001) G_GAN: 2.711 G_L1: 21.555 D_real: 0.233 D_fake: 0.157 
(epoch: 69, iters: 400, time: 0.364, data: 0.001) G_GAN: 4.969 G_L1: 32.858 D_real: 0.212 D_fake: 0.008 
End of epoch 69 / 200 	 Time Taken: 24 sec
learning rate 0.0002000 -> 0.0002000
(epoch: 70, iters: 100, time: 0.101, data: 0.320) G_GAN: 3.388 G_L1: 31.206 D_real: 0.001 D_fake: 0.963 
(epoch: 70, iters: 200, time: 0.098, data: 0.002) G_GAN: 3.876 G_L1: 32.565 D_real: 0.196 D_fake: 0.035 
(epoch: 70, iters: 300, time: 0.107, data: 0.002) G_GAN: 1.906 G_L1: 23.307 D_real: 0.969 D_fake: 0.062 
(epoch: 70, iters: 400, time: 0.371, data: 0.001) G_GAN: 3.511 G_L1: 42.913 D_real: 0.001 D_fake: 0.118 
saving the model at the end of epoch 70, iters 28000
End of epoch 70 / 200 	 Time Taken: 27 sec
learning rate 0.0002000 -> 0.0002000
(epoch: 71, iters: 100, time: 0.091, data: 0.547) G_GAN: 2.325 G_L1: 33.407 D_real: 0.002 D_fake: 1.990 
(epoch: 71, iters: 200, time: 0.100, data: 0.001) G_GAN: 3.198 G_L1: 29.447 D_real: 0.137 D_fake: 0.044 
(epoch: 71, iters: 300, time: 0.102, data: 0.003) G_GAN: 5.503 G_L1: 32.835 D_real: 0.036 D_fake: 0.014 
(epoch: 71, iters: 400, time: 0.459, data: 0.004) G_GAN: 3.314 G_L1: 33.380 D_real: 0.010 D_fake: 0.290 
End of epoch 71 / 200 	 Time Taken: 25 sec
learning rate 0.0002000 -> 0.0002000
(epoch: 72, iters: 100, time: 0.095, data: 0.344) G_GAN: 1.841 G_L1: 18.995 D_real: 0.636 D_fake: 0.057 
(epoch: 72, iters: 200, time: 0.100, data: 0.002) G_GAN: 1.149 G_L1: 24.423 D_real: 0.670 D_fake: 0.426 
(epoch: 72, iters: 300, time: 0.105, data: 0.002) G_GAN: 2.574 G_L1: 19.825 D_real: 0.237 D_fake: 0.116 
(epoch: 72, iters: 400, time: 0.395, data: 0.003) G_GAN: 3.242 G_L1: 32.265 D_real: 0.069 D_fake: 0.490 
End of epoch 72 / 200 	 Time Taken: 25 sec
learning rate 0.0002000 -> 0.0002000
(epoch: 73, iters: 100, time: 0.090, data: 0.358) G_GAN: 3.454 G_L1: 24.310 D_real: 0.011 D_fake: 0.072 
(epoch: 73, iters: 200, time: 0.100, data: 0.004) G_GAN: 3.030 G_L1: 29.661 D_real: 0.003 D_fake: 0.080 
(epoch: 73, iters: 300, time: 0.085, data: 0.002) G_GAN: 3.352 G_L1: 28.163 D_real: 0.014 D_fake: 0.179 
(epoch: 73, iters: 400, time: 0.472, data: 0.002) G_GAN: 4.363 G_L1: 25.835 D_real: 0.001 D_fake: 0.030 
End of epoch 73 / 200 	 Time Taken: 25 sec
learning rate 0.0002000 -> 0.0002000
(epoch: 74, iters: 100, time: 0.102, data: 0.267) G_GAN: 3.193 G_L1: 33.739 D_real: 0.002 D_fake: 0.403 
(epoch: 74, iters: 200, time: 0.094, data: 0.002) G_GAN: 3.259 G_L1: 22.344 D_real: 0.032 D_fake: 0.064 
(epoch: 74, iters: 300, time: 0.099, data: 0.002) G_GAN: 3.067 G_L1: 29.181 D_real: 0.243 D_fake: 0.173 
(epoch: 74, iters: 400, time: 0.374, data: 0.003) G_GAN: 3.765 G_L1: 40.582 D_real: 0.343 D_fake: 0.057 
End of epoch 74 / 200 	 Time Taken: 25 sec
learning rate 0.0002000 -> 0.0002000
(epoch: 75, iters: 100, time: 0.093, data: 0.306) G_GAN: 2.230 G_L1: 24.318 D_real: 0.047 D_fake: 0.327 
(epoch: 75, iters: 200, time: 0.100, data: 0.003) G_GAN: 3.217 G_L1: 33.313 D_real: 0.003 D_fake: 0.368 
(epoch: 75, iters: 300, time: 0.102, data: 0.002) G_GAN: 3.634 G_L1: 27.597 D_real: 0.039 D_fake: 0.155 
(epoch: 75, iters: 400, time: 0.534, data: 0.003) G_GAN: 1.205 G_L1: 24.532 D_real: 0.616 D_fake: 0.136 
saving the latest model (epoch 75, total_iters 30000)
saving the model at the end of epoch 75, iters 30000
End of epoch 75 / 200 	 Time Taken: 30 sec
learning rate 0.0002000 -> 0.0002000
(epoch: 76, iters: 100, time: 0.091, data: 0.292) G_GAN: 2.195 G_L1: 25.766 D_real: 0.285 D_fake: 0.146 
(epoch: 76, iters: 200, time: 0.102, data: 0.003) G_GAN: 3.513 G_L1: 27.965 D_real: 0.096 D_fake: 0.050 
(epoch: 76, iters: 300, time: 0.102, data: 0.002) G_GAN: 4.225 G_L1: 42.060 D_real: 0.005 D_fake: 0.379 
(epoch: 76, iters: 400, time: 0.509, data: 0.003) G_GAN: 2.292 G_L1: 26.062 D_real: 0.757 D_fake: 0.073 
End of epoch 76 / 200 	 Time Taken: 25 sec
learning rate 0.0002000 -> 0.0002000
(epoch: 77, iters: 100, time: 0.098, data: 0.352) G_GAN: 2.980 G_L1: 26.716 D_real: 0.021 D_fake: 0.549 
(epoch: 77, iters: 200, time: 0.089, data: 0.004) G_GAN: 1.719 G_L1: 21.598 D_real: 0.505 D_fake: 0.310 
(epoch: 77, iters: 300, time: 0.099, data: 0.003) G_GAN: 3.283 G_L1: 25.631 D_real: 0.021 D_fake: 0.228 
(epoch: 77, iters: 400, time: 0.525, data: 0.004) G_GAN: 3.584 G_L1: 19.540 D_real: 0.122 D_fake: 1.025 
End of epoch 77 / 200 	 Time Taken: 25 sec
learning rate 0.0002000 -> 0.0002000
(epoch: 78, iters: 100, time: 0.097, data: 0.373) G_GAN: 2.756 G_L1: 28.223 D_real: 0.200 D_fake: 0.060 
(epoch: 78, iters: 200, time: 0.100, data: 0.002) G_GAN: 2.587 G_L1: 27.581 D_real: 0.069 D_fake: 0.156 
(epoch: 78, iters: 300, time: 0.090, data: 0.002) G_GAN: 3.784 G_L1: 33.270 D_real: 0.003 D_fake: 0.458 
(epoch: 78, iters: 400, time: 0.418, data: 0.003) G_GAN: 3.185 G_L1: 17.776 D_real: 0.050 D_fake: 0.546 
End of epoch 78 / 200 	 Time Taken: 25 sec
learning rate 0.0002000 -> 0.0002000
(epoch: 79, iters: 100, time: 0.105, data: 0.301) G_GAN: 3.380 G_L1: 21.978 D_real: 0.021 D_fake: 0.075 
(epoch: 79, iters: 200, time: 0.108, data: 0.002) G_GAN: 2.579 G_L1: 27.495 D_real: 0.188 D_fake: 0.117 
(epoch: 79, iters: 300, time: 0.104, data: 0.002) G_GAN: 3.342 G_L1: 18.702 D_real: 0.139 D_fake: 1.492 
(epoch: 79, iters: 400, time: 0.490, data: 0.002) G_GAN: 1.709 G_L1: 29.838 D_real: 0.113 D_fake: 0.214 
End of epoch 79 / 200 	 Time Taken: 25 sec
learning rate 0.0002000 -> 0.0002000
(epoch: 80, iters: 100, time: 0.094, data: 0.342) G_GAN: 3.224 G_L1: 25.393 D_real: 0.332 D_fake: 0.060 
(epoch: 80, iters: 200, time: 0.100, data: 0.003) G_GAN: 0.649 G_L1: 19.441 D_real: 1.589 D_fake: 0.228 
(epoch: 80, iters: 300, time: 0.098, data: 0.002) G_GAN: 3.265 G_L1: 23.348 D_real: 0.940 D_fake: 0.019 
(epoch: 80, iters: 400, time: 0.511, data: 0.002) G_GAN: 2.644 G_L1: 19.783 D_real: 0.276 D_fake: 0.118 
saving the model at the end of epoch 80, iters 32000
End of epoch 80 / 200 	 Time Taken: 28 sec
learning rate 0.0002000 -> 0.0002000
(epoch: 81, iters: 100, time: 0.092, data: 0.286) G_GAN: 2.384 G_L1: 22.197 D_real: 0.631 D_fake: 0.142 
(epoch: 81, iters: 200, time: 0.099, data: 0.002) G_GAN: 2.411 G_L1: 18.644 D_real: 0.415 D_fake: 0.356 
(epoch: 81, iters: 300, time: 0.100, data: 0.002) G_GAN: 2.356 G_L1: 26.771 D_real: 0.585 D_fake: 0.075 
(epoch: 81, iters: 400, time: 0.391, data: 0.002) G_GAN: 3.994 G_L1: 24.920 D_real: 0.045 D_fake: 0.239 
End of epoch 81 / 200 	 Time Taken: 25 sec
learning rate 0.0002000 -> 0.0002000
(epoch: 82, iters: 100, time: 0.097, data: 0.371) G_GAN: 2.864 G_L1: 23.231 D_real: 0.072 D_fake: 0.575 
(epoch: 82, iters: 200, time: 0.084, data: 0.002) G_GAN: 2.892 G_L1: 24.013 D_real: 0.112 D_fake: 0.367 
(epoch: 82, iters: 300, time: 0.086, data: 0.003) G_GAN: 2.072 G_L1: 22.590 D_real: 1.496 D_fake: 0.034 
(epoch: 82, iters: 400, time: 0.447, data: 0.002) G_GAN: 2.320 G_L1: 24.388 D_real: 0.575 D_fake: 0.071 
End of epoch 82 / 200 	 Time Taken: 25 sec
learning rate 0.0002000 -> 0.0002000
(epoch: 83, iters: 100, time: 0.104, data: 0.460) G_GAN: 6.174 G_L1: 22.685 D_real: 0.053 D_fake: 1.215 
(epoch: 83, iters: 200, time: 0.093, data: 0.002) G_GAN: 3.190 G_L1: 29.485 D_real: 0.019 D_fake: 0.112 
(epoch: 83, iters: 300, time: 0.098, data: 0.002) G_GAN: 2.980 G_L1: 29.705 D_real: 0.020 D_fake: 0.086 
(epoch: 83, iters: 400, time: 0.415, data: 0.003) G_GAN: 2.210 G_L1: 28.992 D_real: 0.121 D_fake: 0.232 
End of epoch 83 / 200 	 Time Taken: 25 sec
learning rate 0.0002000 -> 0.0002000
(epoch: 84, iters: 100, time: 0.095, data: 0.289) G_GAN: 3.067 G_L1: 23.057 D_real: 0.010 D_fake: 1.237 
(epoch: 84, iters: 200, time: 0.103, data: 0.003) G_GAN: 2.837 G_L1: 28.017 D_real: 0.538 D_fake: 0.503 
(epoch: 84, iters: 300, time: 0.092, data: 0.003) G_GAN: 3.082 G_L1: 22.104 D_real: 0.022 D_fake: 0.376 
(epoch: 84, iters: 400, time: 0.445, data: 0.002) G_GAN: 3.551 G_L1: 30.988 D_real: 0.009 D_fake: 0.097 
End of epoch 84 / 200 	 Time Taken: 25 sec
learning rate 0.0002000 -> 0.0002000
(epoch: 85, iters: 100, time: 0.083, data: 0.313) G_GAN: 4.959 G_L1: 30.335 D_real: 0.005 D_fake: 1.778 
(epoch: 85, iters: 200, time: 0.102, data: 0.002) G_GAN: 2.398 G_L1: 25.955 D_real: 1.650 D_fake: 0.016 
(epoch: 85, iters: 300, time: 0.105, data: 0.002) G_GAN: 2.966 G_L1: 21.074 D_real: 0.238 D_fake: 0.066 
(epoch: 85, iters: 400, time: 0.482, data: 0.002) G_GAN: 8.141 G_L1: 28.728 D_real: 0.006 D_fake: 1.500 
saving the model at the end of epoch 85, iters 34000
End of epoch 85 / 200 	 Time Taken: 27 sec
learning rate 0.0002000 -> 0.0002000
(epoch: 86, iters: 100, time: 0.105, data: 0.354) G_GAN: 4.190 G_L1: 32.462 D_real: 0.044 D_fake: 0.031 
(epoch: 86, iters: 200, time: 0.099, data: 0.002) G_GAN: 2.978 G_L1: 25.081 D_real: 0.015 D_fake: 0.181 
(epoch: 86, iters: 300, time: 0.095, data: 0.002) G_GAN: 3.402 G_L1: 33.997 D_real: 0.289 D_fake: 0.047 
(epoch: 86, iters: 400, time: 0.431, data: 0.002) G_GAN: 2.576 G_L1: 31.940 D_real: 0.017 D_fake: 0.634 
End of epoch 86 / 200 	 Time Taken: 25 sec
learning rate 0.0002000 -> 0.0002000
(epoch: 87, iters: 100, time: 0.092, data: 0.374) G_GAN: 2.838 G_L1: 37.251 D_real: 0.003 D_fake: 0.266 
(epoch: 87, iters: 200, time: 0.100, data: 0.003) G_GAN: 3.173 G_L1: 29.202 D_real: 0.016 D_fake: 0.343 
(epoch: 87, iters: 300, time: 0.106, data: 0.003) G_GAN: 2.630 G_L1: 23.281 D_real: 0.289 D_fake: 0.291 
(epoch: 87, iters: 400, time: 0.548, data: 0.003) G_GAN: 3.108 G_L1: 20.566 D_real: 0.186 D_fake: 0.516 
End of epoch 87 / 200 	 Time Taken: 25 sec
learning rate 0.0002000 -> 0.0002000
(epoch: 88, iters: 100, time: 0.091, data: 0.305) G_GAN: 3.142 G_L1: 23.332 D_real: 0.042 D_fake: 0.272 
(epoch: 88, iters: 200, time: 0.094, data: 0.003) G_GAN: 3.759 G_L1: 43.494 D_real: 0.003 D_fake: 0.034 
saving the latest model (epoch 88, total_iters 35000)
(epoch: 88, iters: 300, time: 0.092, data: 0.003) G_GAN: 3.565 G_L1: 23.381 D_real: 0.323 D_fake: 0.092 
(epoch: 88, iters: 400, time: 0.479, data: 0.003) G_GAN: 3.579 G_L1: 23.629 D_real: 0.039 D_fake: 0.052 
End of epoch 88 / 200 	 Time Taken: 27 sec
learning rate 0.0002000 -> 0.0002000
(epoch: 89, iters: 100, time: 0.090, data: 0.435) G_GAN: 4.051 G_L1: 32.364 D_real: 0.283 D_fake: 0.017 
(epoch: 89, iters: 200, time: 0.098, data: 0.001) G_GAN: 3.630 G_L1: 20.973 D_real: 0.010 D_fake: 0.358 
(epoch: 89, iters: 300, time: 0.098, data: 0.002) G_GAN: 3.303 G_L1: 28.545 D_real: 0.033 D_fake: 0.137 
(epoch: 89, iters: 400, time: 0.434, data: 0.003) G_GAN: 2.706 G_L1: 26.208 D_real: 0.423 D_fake: 0.089 
End of epoch 89 / 200 	 Time Taken: 25 sec
learning rate 0.0002000 -> 0.0002000
(epoch: 90, iters: 100, time: 0.102, data: 0.314) G_GAN: 3.176 G_L1: 20.129 D_real: 0.102 D_fake: 0.715 
(epoch: 90, iters: 200, time: 0.100, data: 0.002) G_GAN: 2.692 G_L1: 28.646 D_real: 0.250 D_fake: 0.079 
(epoch: 90, iters: 300, time: 0.101, data: 0.003) G_GAN: 3.236 G_L1: 28.092 D_real: 1.368 D_fake: 0.011 
(epoch: 90, iters: 400, time: 0.505, data: 0.003) G_GAN: 1.335 G_L1: 22.037 D_real: 0.935 D_fake: 0.115 
saving the model at the end of epoch 90, iters 36000
End of epoch 90 / 200 	 Time Taken: 28 sec
learning rate 0.0002000 -> 0.0002000
(epoch: 91, iters: 100, time: 0.096, data: 0.291) G_GAN: 2.841 G_L1: 24.795 D_real: 0.009 D_fake: 0.476 
(epoch: 91, iters: 200, time: 0.098, data: 0.003) G_GAN: 2.900 G_L1: 28.523 D_real: 0.245 D_fake: 0.095 
(epoch: 91, iters: 300, time: 0.089, data: 0.002) G_GAN: 2.594 G_L1: 22.036 D_real: 0.043 D_fake: 0.613 
(epoch: 91, iters: 400, time: 0.536, data: 0.002) G_GAN: 3.613 G_L1: 20.596 D_real: 0.024 D_fake: 0.725 
End of epoch 91 / 200 	 Time Taken: 25 sec
learning rate 0.0002000 -> 0.0002000
(epoch: 92, iters: 100, time: 0.093, data: 0.268) G_GAN: 3.027 G_L1: 28.865 D_real: 0.020 D_fake: 0.465 
(epoch: 92, iters: 200, time: 0.108, data: 0.003) G_GAN: 4.361 G_L1: 30.437 D_real: 0.027 D_fake: 0.064 
(epoch: 92, iters: 300, time: 0.102, data: 0.002) G_GAN: 6.473 G_L1: 25.524 D_real: 0.160 D_fake: 0.002 
(epoch: 92, iters: 400, time: 0.600, data: 0.002) G_GAN: 3.567 G_L1: 22.397 D_real: 0.023 D_fake: 0.277 
End of epoch 92 / 200 	 Time Taken: 25 sec
learning rate 0.0002000 -> 0.0002000
(epoch: 93, iters: 100, time: 0.108, data: 0.258) G_GAN: 4.093 G_L1: 21.997 D_real: 0.054 D_fake: 0.077 
(epoch: 93, iters: 200, time: 0.103, data: 0.003) G_GAN: 3.124 G_L1: 25.690 D_real: 0.137 D_fake: 0.061 
(epoch: 93, iters: 300, time: 0.106, data: 0.002) G_GAN: 2.877 G_L1: 22.175 D_real: 0.226 D_fake: 0.191 
(epoch: 93, iters: 400, time: 0.417, data: 0.002) G_GAN: 3.806 G_L1: 21.948 D_real: 0.142 D_fake: 0.038 
End of epoch 93 / 200 	 Time Taken: 25 sec
learning rate 0.0002000 -> 0.0002000
(epoch: 94, iters: 100, time: 0.101, data: 0.358) G_GAN: 2.208 G_L1: 21.124 D_real: 0.269 D_fake: 0.097 
(epoch: 94, iters: 200, time: 0.102, data: 0.003) G_GAN: 2.637 G_L1: 18.621 D_real: 0.338 D_fake: 0.041 
(epoch: 94, iters: 300, time: 0.101, data: 0.003) G_GAN: 3.209 G_L1: 20.687 D_real: 0.100 D_fake: 0.160 
(epoch: 94, iters: 400, time: 0.488, data: 0.003) G_GAN: 3.395 G_L1: 26.217 D_real: 0.151 D_fake: 0.085 
End of epoch 94 / 200 	 Time Taken: 25 sec
learning rate 0.0002000 -> 0.0002000
(epoch: 95, iters: 100, time: 0.109, data: 0.299) G_GAN: 3.713 G_L1: 19.926 D_real: 0.022 D_fake: 0.104 
(epoch: 95, iters: 200, time: 0.089, data: 0.002) G_GAN: 1.852 G_L1: 22.722 D_real: 0.827 D_fake: 0.213 
(epoch: 95, iters: 300, time: 0.103, data: 0.001) G_GAN: 5.838 G_L1: 34.195 D_real: 0.022 D_fake: 0.011 
(epoch: 95, iters: 400, time: 0.449, data: 0.002) G_GAN: 4.430 G_L1: 24.856 D_real: 0.011 D_fake: 0.690 
saving the model at the end of epoch 95, iters 38000
End of epoch 95 / 200 	 Time Taken: 28 sec
learning rate 0.0002000 -> 0.0002000
(epoch: 96, iters: 100, time: 0.103, data: 0.273) G_GAN: 4.371 G_L1: 23.839 D_real: 0.009 D_fake: 0.058 
(epoch: 96, iters: 200, time: 0.089, data: 0.002) G_GAN: 1.073 G_L1: 28.318 D_real: 0.694 D_fake: 0.099 
(epoch: 96, iters: 300, time: 0.108, data: 0.002) G_GAN: 4.278 G_L1: 21.948 D_real: 0.102 D_fake: 0.040 
(epoch: 96, iters: 400, time: 0.410, data: 0.002) G_GAN: 3.137 G_L1: 29.315 D_real: 0.011 D_fake: 0.450 
End of epoch 96 / 200 	 Time Taken: 25 sec
learning rate 0.0002000 -> 0.0002000
(epoch: 97, iters: 100, time: 0.103, data: 0.626) G_GAN: 4.318 G_L1: 28.348 D_real: 0.348 D_fake: 0.046 
(epoch: 97, iters: 200, time: 0.098, data: 0.002) G_GAN: 4.124 G_L1: 31.962 D_real: 0.004 D_fake: 0.204 
(epoch: 97, iters: 300, time: 0.095, data: 0.002) G_GAN: 2.575 G_L1: 26.724 D_real: 0.006 D_fake: 1.504 
(epoch: 97, iters: 400, time: 0.466, data: 0.002) G_GAN: 2.296 G_L1: 22.037 D_real: 0.186 D_fake: 0.408 
End of epoch 97 / 200 	 Time Taken: 25 sec
learning rate 0.0002000 -> 0.0002000
(epoch: 98, iters: 100, time: 0.102, data: 0.236) G_GAN: 2.989 G_L1: 33.361 D_real: 0.007 D_fake: 0.158 
(epoch: 98, iters: 200, time: 0.097, data: 0.003) G_GAN: 2.422 G_L1: 24.300 D_real: 0.093 D_fake: 0.271 
(epoch: 98, iters: 300, time: 0.096, data: 0.002) G_GAN: 3.086 G_L1: 23.501 D_real: 0.013 D_fake: 0.247 
(epoch: 98, iters: 400, time: 0.626, data: 0.003) G_GAN: 4.043 G_L1: 17.292 D_real: 0.025 D_fake: 0.353 
End of epoch 98 / 200 	 Time Taken: 25 sec
learning rate 0.0002000 -> 0.0002000
(epoch: 99, iters: 100, time: 0.098, data: 0.303) G_GAN: 3.275 G_L1: 25.543 D_real: 0.149 D_fake: 0.187 
(epoch: 99, iters: 200, time: 0.107, data: 0.003) G_GAN: 3.845 G_L1: 29.335 D_real: 0.029 D_fake: 0.062 
(epoch: 99, iters: 300, time: 0.103, data: 0.002) G_GAN: 0.825 G_L1: 18.613 D_real: 2.397 D_fake: 0.037 
(epoch: 99, iters: 400, time: 0.427, data: 0.004) G_GAN: 2.484 G_L1: 21.728 D_real: 0.028 D_fake: 0.527 
End of epoch 99 / 200 	 Time Taken: 25 sec
learning rate 0.0002000 -> 0.0001980
(epoch: 100, iters: 100, time: 0.095, data: 0.324) G_GAN: 3.440 G_L1: 20.819 D_real: 0.010 D_fake: 1.170 
(epoch: 100, iters: 200, time: 0.101, data: 0.003) G_GAN: 2.556 G_L1: 21.468 D_real: 0.141 D_fake: 0.118 
(epoch: 100, iters: 300, time: 0.094, data: 0.003) G_GAN: 3.093 G_L1: 21.440 D_real: 1.878 D_fake: 0.004 
(epoch: 100, iters: 400, time: 0.643, data: 0.002) G_GAN: 1.185 G_L1: 20.706 D_real: 1.406 D_fake: 0.118 
saving the latest model (epoch 100, total_iters 40000)
saving the model at the end of epoch 100, iters 40000
End of epoch 100 / 200 	 Time Taken: 30 sec
learning rate 0.0001980 -> 0.0001960
(epoch: 101, iters: 100, time: 0.100, data: 0.328) G_GAN: 3.915 G_L1: 34.056 D_real: 0.027 D_fake: 0.067 
(epoch: 101, iters: 200, time: 0.107, data: 0.002) G_GAN: 2.345 G_L1: 31.500 D_real: 0.009 D_fake: 0.359 
(epoch: 101, iters: 300, time: 0.104, data: 0.002) G_GAN: 3.346 G_L1: 24.633 D_real: 0.032 D_fake: 0.449 
(epoch: 101, iters: 400, time: 0.562, data: 0.002) G_GAN: 3.987 G_L1: 26.148 D_real: 0.063 D_fake: 0.976 
End of epoch 101 / 200 	 Time Taken: 25 sec
learning rate 0.0001960 -> 0.0001941
(epoch: 102, iters: 100, time: 0.108, data: 0.455) G_GAN: 3.878 G_L1: 31.130 D_real: 0.008 D_fake: 0.670 
(epoch: 102, iters: 200, time: 0.095, data: 0.003) G_GAN: 3.566 G_L1: 27.802 D_real: 0.002 D_fake: 0.069 
(epoch: 102, iters: 300, time: 0.107, data: 0.002) G_GAN: 5.148 G_L1: 25.091 D_real: 0.260 D_fake: 0.008 
(epoch: 102, iters: 400, time: 0.484, data: 0.002) G_GAN: 4.175 G_L1: 27.437 D_real: 0.005 D_fake: 0.741 
End of epoch 102 / 200 	 Time Taken: 25 sec
learning rate 0.0001941 -> 0.0001921
(epoch: 103, iters: 100, time: 0.108, data: 0.371) G_GAN: 3.711 G_L1: 14.859 D_real: 0.256 D_fake: 0.011 
(epoch: 103, iters: 200, time: 0.105, data: 0.004) G_GAN: 3.915 G_L1: 28.124 D_real: 0.051 D_fake: 0.074 
(epoch: 103, iters: 300, time: 0.106, data: 0.003) G_GAN: 3.426 G_L1: 22.211 D_real: 0.048 D_fake: 0.064 
(epoch: 103, iters: 400, time: 0.474, data: 0.003) G_GAN: 4.465 G_L1: 24.489 D_real: 0.015 D_fake: 0.032 
End of epoch 103 / 200 	 Time Taken: 25 sec
learning rate 0.0001921 -> 0.0001901
(epoch: 104, iters: 100, time: 0.104, data: 0.325) G_GAN: 2.590 G_L1: 24.654 D_real: 0.486 D_fake: 0.063 
(epoch: 104, iters: 200, time: 0.096, data: 0.003) G_GAN: 3.466 G_L1: 25.456 D_real: 0.175 D_fake: 0.052 
(epoch: 104, iters: 300, time: 0.101, data: 0.003) G_GAN: 2.963 G_L1: 22.931 D_real: 0.261 D_fake: 0.100 
(epoch: 104, iters: 400, time: 0.533, data: 0.001) G_GAN: 2.127 G_L1: 29.707 D_real: 0.213 D_fake: 0.118 
End of epoch 104 / 200 	 Time Taken: 25 sec
learning rate 0.0001901 -> 0.0001881
(epoch: 105, iters: 100, time: 0.108, data: 0.253) G_GAN: 3.390 G_L1: 26.132 D_real: 0.053 D_fake: 0.692 
(epoch: 105, iters: 200, time: 0.099, data: 0.001) G_GAN: 2.789 G_L1: 19.986 D_real: 0.121 D_fake: 0.152 
(epoch: 105, iters: 300, time: 0.107, data: 0.002) G_GAN: 3.428 G_L1: 19.642 D_real: 0.041 D_fake: 0.075 
(epoch: 105, iters: 400, time: 0.410, data: 0.002) G_GAN: 2.781 G_L1: 17.941 D_real: 0.147 D_fake: 0.409 
saving the model at the end of epoch 105, iters 42000
End of epoch 105 / 200 	 Time Taken: 27 sec
learning rate 0.0001881 -> 0.0001861
(epoch: 106, iters: 100, time: 0.101, data: 0.397) G_GAN: 2.422 G_L1: 20.978 D_real: 0.245 D_fake: 0.101 
(epoch: 106, iters: 200, time: 0.106, data: 0.001) G_GAN: 3.043 G_L1: 26.051 D_real: 0.011 D_fake: 0.216 
(epoch: 106, iters: 300, time: 0.106, data: 0.002) G_GAN: 3.230 G_L1: 25.481 D_real: 0.113 D_fake: 0.108 
(epoch: 106, iters: 400, time: 0.477, data: 0.002) G_GAN: 3.574 G_L1: 24.319 D_real: 0.016 D_fake: 0.158 
End of epoch 106 / 200 	 Time Taken: 25 sec
learning rate 0.0001861 -> 0.0001842
(epoch: 107, iters: 100, time: 0.107, data: 0.405) G_GAN: 3.113 G_L1: 16.284 D_real: 0.031 D_fake: 0.074 
(epoch: 107, iters: 200, time: 0.095, data: 0.002) G_GAN: 3.175 G_L1: 21.267 D_real: 0.123 D_fake: 0.073 
(epoch: 107, iters: 300, time: 0.101, data: 0.002) G_GAN: 3.729 G_L1: 26.590 D_real: 0.100 D_fake: 0.049 
(epoch: 107, iters: 400, time: 0.498, data: 0.002) G_GAN: 5.171 G_L1: 34.065 D_real: 0.005 D_fake: 0.035 
End of epoch 107 / 200 	 Time Taken: 25 sec
learning rate 0.0001842 -> 0.0001822
(epoch: 108, iters: 100, time: 0.101, data: 0.340) G_GAN: 2.641 G_L1: 20.392 D_real: 0.285 D_fake: 0.079 
(epoch: 108, iters: 200, time: 0.102, data: 0.001) G_GAN: 3.463 G_L1: 28.050 D_real: 0.073 D_fake: 0.083 
(epoch: 108, iters: 300, time: 0.101, data: 0.001) G_GAN: 5.276 G_L1: 22.953 D_real: 0.026 D_fake: 0.015 
(epoch: 108, iters: 400, time: 0.401, data: 0.001) G_GAN: 2.648 G_L1: 26.021 D_real: 0.028 D_fake: 0.134 
End of epoch 108 / 200 	 Time Taken: 25 sec
learning rate 0.0001822 -> 0.0001802
(epoch: 109, iters: 100, time: 0.099, data: 0.323) G_GAN: 3.054 G_L1: 19.560 D_real: 0.169 D_fake: 0.191 
(epoch: 109, iters: 200, time: 0.095, data: 0.001) G_GAN: 4.054 G_L1: 22.670 D_real: 0.067 D_fake: 0.139 
(epoch: 109, iters: 300, time: 0.099, data: 0.002) G_GAN: 1.360 G_L1: 21.406 D_real: 0.138 D_fake: 0.291 
(epoch: 109, iters: 400, time: 0.581, data: 0.003) G_GAN: 1.944 G_L1: 23.730 D_real: 0.664 D_fake: 0.076 
End of epoch 109 / 200 	 Time Taken: 25 sec
learning rate 0.0001802 -> 0.0001782
(epoch: 110, iters: 100, time: 0.082, data: 0.273) G_GAN: 3.583 G_L1: 26.878 D_real: 0.072 D_fake: 0.150 
(epoch: 110, iters: 200, time: 0.098, data: 0.002) G_GAN: 2.896 G_L1: 27.837 D_real: 0.041 D_fake: 0.158 
(epoch: 110, iters: 300, time: 0.100, data: 0.002) G_GAN: 4.925 G_L1: 24.970 D_real: 0.072 D_fake: 0.942 
(epoch: 110, iters: 400, time: 0.462, data: 0.001) G_GAN: 3.007 G_L1: 18.775 D_real: 0.063 D_fake: 0.120 
saving the model at the end of epoch 110, iters 44000
End of epoch 110 / 200 	 Time Taken: 27 sec
learning rate 0.0001782 -> 0.0001762
(epoch: 111, iters: 100, time: 0.103, data: 0.277) G_GAN: 3.492 G_L1: 24.711 D_real: 0.041 D_fake: 0.362 
(epoch: 111, iters: 200, time: 0.090, data: 0.002) G_GAN: 3.535 G_L1: 23.280 D_real: 0.037 D_fake: 0.090 
(epoch: 111, iters: 300, time: 0.087, data: 0.001) G_GAN: 2.435 G_L1: 18.993 D_real: 0.318 D_fake: 0.113 
(epoch: 111, iters: 400, time: 0.515, data: 0.003) G_GAN: 3.591 G_L1: 32.138 D_real: 0.043 D_fake: 0.103 
End of epoch 111 / 200 	 Time Taken: 25 sec
learning rate 0.0001762 -> 0.0001743
(epoch: 112, iters: 100, time: 0.101, data: 0.310) G_GAN: 3.338 G_L1: 19.720 D_real: 0.067 D_fake: 0.219 
(epoch: 112, iters: 200, time: 0.091, data: 0.001) G_GAN: 3.303 G_L1: 20.707 D_real: 0.488 D_fake: 0.013 
(epoch: 112, iters: 300, time: 0.099, data: 0.002) G_GAN: 3.524 G_L1: 21.655 D_real: 0.009 D_fake: 0.151 
(epoch: 112, iters: 400, time: 0.525, data: 0.002) G_GAN: 1.843 G_L1: 19.765 D_real: 0.649 D_fake: 0.027 
End of epoch 112 / 200 	 Time Taken: 25 sec
learning rate 0.0001743 -> 0.0001723
(epoch: 113, iters: 100, time: 0.085, data: 0.302) G_GAN: 5.899 G_L1: 26.735 D_real: 0.002 D_fake: 0.513 
(epoch: 113, iters: 200, time: 0.101, data: 0.004) G_GAN: 3.320 G_L1: 19.596 D_real: 0.930 D_fake: 0.011 
saving the latest model (epoch 113, total_iters 45000)
(epoch: 113, iters: 300, time: 0.098, data: 0.003) G_GAN: 3.230 G_L1: 21.506 D_real: 0.016 D_fake: 0.482 
(epoch: 113, iters: 400, time: 0.526, data: 0.003) G_GAN: 3.703 G_L1: 19.842 D_real: 0.074 D_fake: 0.051 
End of epoch 113 / 200 	 Time Taken: 27 sec
learning rate 0.0001723 -> 0.0001703
(epoch: 114, iters: 100, time: 0.107, data: 0.335) G_GAN: 4.080 G_L1: 22.168 D_real: 0.006 D_fake: 0.503 
(epoch: 114, iters: 200, time: 0.105, data: 0.001) G_GAN: 3.120 G_L1: 21.926 D_real: 0.023 D_fake: 0.203 
(epoch: 114, iters: 300, time: 0.101, data: 0.001) G_GAN: 2.837 G_L1: 25.019 D_real: 0.314 D_fake: 0.310 
(epoch: 114, iters: 400, time: 0.473, data: 0.002) G_GAN: 2.821 G_L1: 21.065 D_real: 0.574 D_fake: 0.012 
End of epoch 114 / 200 	 Time Taken: 25 sec
learning rate 0.0001703 -> 0.0001683
(epoch: 115, iters: 100, time: 0.104, data: 0.367) G_GAN: 2.508 G_L1: 17.576 D_real: 0.289 D_fake: 0.503 
(epoch: 115, iters: 200, time: 0.102, data: 0.001) G_GAN: 3.514 G_L1: 21.191 D_real: 0.011 D_fake: 0.105 
(epoch: 115, iters: 300, time: 0.103, data: 0.002) G_GAN: 3.540 G_L1: 20.381 D_real: 0.022 D_fake: 0.512 
(epoch: 115, iters: 400, time: 0.429, data: 0.001) G_GAN: 6.525 G_L1: 25.755 D_real: 0.030 D_fake: 1.783 
saving the model at the end of epoch 115, iters 46000
End of epoch 115 / 200 	 Time Taken: 28 sec
learning rate 0.0001683 -> 0.0001663
(epoch: 116, iters: 100, time: 0.096, data: 0.275) G_GAN: 2.735 G_L1: 18.323 D_real: 0.290 D_fake: 0.251 
(epoch: 116, iters: 200, time: 0.107, data: 0.002) G_GAN: 3.083 G_L1: 26.092 D_real: 0.078 D_fake: 0.182 
(epoch: 116, iters: 300, time: 0.108, data: 0.001) G_GAN: 2.828 G_L1: 18.567 D_real: 0.037 D_fake: 0.272 
(epoch: 116, iters: 400, time: 0.445, data: 0.001) G_GAN: 5.476 G_L1: 22.191 D_real: 0.096 D_fake: 0.063 
End of epoch 116 / 200 	 Time Taken: 25 sec
learning rate 0.0001663 -> 0.0001644
(epoch: 117, iters: 100, time: 0.106, data: 0.342) G_GAN: 3.281 G_L1: 21.853 D_real: 0.053 D_fake: 0.075 
(epoch: 117, iters: 200, time: 0.105, data: 0.001) G_GAN: 3.265 G_L1: 24.542 D_real: 0.133 D_fake: 0.086 
(epoch: 117, iters: 300, time: 0.093, data: 0.001) G_GAN: 2.826 G_L1: 23.985 D_real: 0.300 D_fake: 0.432 
(epoch: 117, iters: 400, time: 0.432, data: 0.002) G_GAN: 2.959 G_L1: 27.752 D_real: 0.041 D_fake: 0.118 
End of epoch 117 / 200 	 Time Taken: 25 sec
learning rate 0.0001644 -> 0.0001624
(epoch: 118, iters: 100, time: 0.100, data: 0.272) G_GAN: 3.524 G_L1: 20.108 D_real: 0.025 D_fake: 0.833 
(epoch: 118, iters: 200, time: 0.100, data: 0.001) G_GAN: 2.173 G_L1: 22.717 D_real: 0.283 D_fake: 0.136 
(epoch: 118, iters: 300, time: 0.104, data: 0.003) G_GAN: 3.490 G_L1: 29.581 D_real: 0.084 D_fake: 0.081 
(epoch: 118, iters: 400, time: 0.598, data: 0.003) G_GAN: 2.307 G_L1: 24.087 D_real: 0.491 D_fake: 0.085 
End of epoch 118 / 200 	 Time Taken: 25 sec
learning rate 0.0001624 -> 0.0001604
(epoch: 119, iters: 100, time: 0.092, data: 0.304) G_GAN: 4.191 G_L1: 20.112 D_real: 0.095 D_fake: 0.089 
(epoch: 119, iters: 200, time: 0.099, data: 0.002) G_GAN: 1.721 G_L1: 23.705 D_real: 0.784 D_fake: 0.116 
(epoch: 119, iters: 300, time: 0.098, data: 0.004) G_GAN: 3.362 G_L1: 23.656 D_real: 0.011 D_fake: 0.408 
(epoch: 119, iters: 400, time: 0.429, data: 0.002) G_GAN: 2.510 G_L1: 28.034 D_real: 0.030 D_fake: 0.215 
End of epoch 119 / 200 	 Time Taken: 25 sec
learning rate 0.0001604 -> 0.0001584
(epoch: 120, iters: 100, time: 0.107, data: 0.376) G_GAN: 2.521 G_L1: 18.181 D_real: 0.686 D_fake: 0.103 
(epoch: 120, iters: 200, time: 0.104, data: 0.001) G_GAN: 4.030 G_L1: 22.210 D_real: 0.215 D_fake: 0.059 
(epoch: 120, iters: 300, time: 0.101, data: 0.003) G_GAN: 2.902 G_L1: 23.308 D_real: 0.038 D_fake: 0.116 
(epoch: 120, iters: 400, time: 0.489, data: 0.001) G_GAN: 2.838 G_L1: 27.151 D_real: 0.061 D_fake: 0.275 
saving the model at the end of epoch 120, iters 48000
End of epoch 120 / 200 	 Time Taken: 28 sec
learning rate 0.0001584 -> 0.0001564
(epoch: 121, iters: 100, time: 0.101, data: 0.363) G_GAN: 3.903 G_L1: 30.311 D_real: 0.007 D_fake: 0.485 
(epoch: 121, iters: 200, time: 0.108, data: 0.002) G_GAN: 4.328 G_L1: 28.386 D_real: 0.043 D_fake: 0.302 
(epoch: 121, iters: 300, time: 0.107, data: 0.001) G_GAN: 2.426 G_L1: 20.288 D_real: 0.155 D_fake: 0.271 
(epoch: 121, iters: 400, time: 0.461, data: 0.001) G_GAN: 3.429 G_L1: 14.862 D_real: 0.058 D_fake: 0.358 
End of epoch 121 / 200 	 Time Taken: 25 sec
learning rate 0.0001564 -> 0.0001545
(epoch: 122, iters: 100, time: 0.101, data: 0.319) G_GAN: 3.915 G_L1: 31.457 D_real: 0.192 D_fake: 0.035 
(epoch: 122, iters: 200, time: 0.106, data: 0.001) G_GAN: 2.579 G_L1: 19.255 D_real: 0.282 D_fake: 0.164 
(epoch: 122, iters: 300, time: 0.102, data: 0.002) G_GAN: 3.453 G_L1: 13.270 D_real: 0.076 D_fake: 0.135 
(epoch: 122, iters: 400, time: 0.453, data: 0.002) G_GAN: 3.942 G_L1: 17.848 D_real: 0.249 D_fake: 0.516 
End of epoch 122 / 200 	 Time Taken: 25 sec
learning rate 0.0001545 -> 0.0001525
(epoch: 123, iters: 100, time: 0.092, data: 0.272) G_GAN: 3.178 G_L1: 25.122 D_real: 0.071 D_fake: 0.336 
(epoch: 123, iters: 200, time: 0.101, data: 0.001) G_GAN: 1.732 G_L1: 18.489 D_real: 0.369 D_fake: 0.178 
(epoch: 123, iters: 300, time: 0.104, data: 0.001) G_GAN: 2.675 G_L1: 19.120 D_real: 0.036 D_fake: 0.060 
(epoch: 123, iters: 400, time: 0.458, data: 0.002) G_GAN: 3.731 G_L1: 20.229 D_real: 0.479 D_fake: 0.017 
End of epoch 123 / 200 	 Time Taken: 25 sec
learning rate 0.0001525 -> 0.0001505
(epoch: 124, iters: 100, time: 0.102, data: 0.488) G_GAN: 3.129 G_L1: 24.867 D_real: 0.008 D_fake: 0.133 
(epoch: 124, iters: 200, time: 0.100, data: 0.002) G_GAN: 3.432 G_L1: 17.779 D_real: 0.067 D_fake: 0.071 
(epoch: 124, iters: 300, time: 0.098, data: 0.002) G_GAN: 4.746 G_L1: 23.557 D_real: 0.130 D_fake: 0.012 
(epoch: 124, iters: 400, time: 0.486, data: 0.002) G_GAN: 2.897 G_L1: 16.604 D_real: 0.231 D_fake: 0.139 
End of epoch 124 / 200 	 Time Taken: 25 sec
learning rate 0.0001505 -> 0.0001485
(epoch: 125, iters: 100, time: 0.098, data: 0.231) G_GAN: 3.583 G_L1: 28.870 D_real: 0.074 D_fake: 0.071 
(epoch: 125, iters: 200, time: 0.096, data: 0.003) G_GAN: 3.162 G_L1: 22.693 D_real: 0.015 D_fake: 2.101 
(epoch: 125, iters: 300, time: 0.088, data: 0.002) G_GAN: 3.724 G_L1: 25.808 D_real: 0.061 D_fake: 0.297 
(epoch: 125, iters: 400, time: 0.454, data: 0.002) G_GAN: 3.066 G_L1: 19.367 D_real: 0.252 D_fake: 0.064 
saving the latest model (epoch 125, total_iters 50000)
saving the model at the end of epoch 125, iters 50000
End of epoch 125 / 200 	 Time Taken: 29 sec
learning rate 0.0001485 -> 0.0001465
(epoch: 126, iters: 100, time: 0.099, data: 0.809) G_GAN: 3.399 G_L1: 16.922 D_real: 0.088 D_fake: 0.152 
(epoch: 126, iters: 200, time: 0.100, data: 0.002) G_GAN: 3.798 G_L1: 26.822 D_real: 0.023 D_fake: 0.038 
(epoch: 126, iters: 300, time: 0.105, data: 0.002) G_GAN: 2.706 G_L1: 22.237 D_real: 0.007 D_fake: 0.610 
(epoch: 126, iters: 400, time: 0.537, data: 0.001) G_GAN: 4.667 G_L1: 21.446 D_real: 0.053 D_fake: 0.012 
End of epoch 126 / 200 	 Time Taken: 25 sec
learning rate 0.0001465 -> 0.0001446
(epoch: 127, iters: 100, time: 0.107, data: 0.293) G_GAN: 2.246 G_L1: 23.338 D_real: 0.016 D_fake: 0.352 
(epoch: 127, iters: 200, time: 0.101, data: 0.001) G_GAN: 2.486 G_L1: 20.843 D_real: 0.040 D_fake: 0.173 
(epoch: 127, iters: 300, time: 0.108, data: 0.001) G_GAN: 2.738 G_L1: 22.433 D_real: 0.372 D_fake: 0.098 
(epoch: 127, iters: 400, time: 0.427, data: 0.002) G_GAN: 3.640 G_L1: 30.148 D_real: 0.001 D_fake: 0.449 
End of epoch 127 / 200 	 Time Taken: 25 sec
learning rate 0.0001446 -> 0.0001426
(epoch: 128, iters: 100, time: 0.097, data: 0.352) G_GAN: 2.566 G_L1: 19.486 D_real: 0.166 D_fake: 0.071 
(epoch: 128, iters: 200, time: 0.105, data: 0.003) G_GAN: 4.379 G_L1: 23.427 D_real: 0.037 D_fake: 0.024 
(epoch: 128, iters: 300, time: 0.101, data: 0.001) G_GAN: 2.798 G_L1: 21.685 D_real: 0.009 D_fake: 0.535 
(epoch: 128, iters: 400, time: 0.454, data: 0.002) G_GAN: 4.025 G_L1: 23.492 D_real: 0.036 D_fake: 0.180 
End of epoch 128 / 200 	 Time Taken: 25 sec
learning rate 0.0001426 -> 0.0001406
(epoch: 129, iters: 100, time: 0.106, data: 0.372) G_GAN: 3.475 G_L1: 17.953 D_real: 0.044 D_fake: 0.128 
(epoch: 129, iters: 200, time: 0.105, data: 0.001) G_GAN: 2.887 G_L1: 18.058 D_real: 0.091 D_fake: 0.140 
(epoch: 129, iters: 300, time: 0.103, data: 0.002) G_GAN: 3.157 G_L1: 24.271 D_real: 0.053 D_fake: 0.342 
(epoch: 129, iters: 400, time: 0.443, data: 0.003) G_GAN: 3.689 G_L1: 19.865 D_real: 0.022 D_fake: 0.122 
End of epoch 129 / 200 	 Time Taken: 25 sec
learning rate 0.0001406 -> 0.0001386
(epoch: 130, iters: 100, time: 0.105, data: 0.296) G_GAN: 3.269 G_L1: 20.487 D_real: 0.117 D_fake: 0.427 
(epoch: 130, iters: 200, time: 0.096, data: 0.002) G_GAN: 2.222 G_L1: 17.090 D_real: 0.149 D_fake: 0.181 
(epoch: 130, iters: 300, time: 0.102, data: 0.002) G_GAN: 4.761 G_L1: 19.744 D_real: 0.018 D_fake: 0.014 
(epoch: 130, iters: 400, time: 0.693, data: 0.003) G_GAN: 3.493 G_L1: 21.736 D_real: 0.702 D_fake: 0.011 
saving the model at the end of epoch 130, iters 52000
End of epoch 130 / 200 	 Time Taken: 28 sec
learning rate 0.0001386 -> 0.0001366
(epoch: 131, iters: 100, time: 0.095, data: 0.302) G_GAN: 2.898 G_L1: 22.301 D_real: 0.110 D_fake: 0.134 
(epoch: 131, iters: 200, time: 0.106, data: 0.003) G_GAN: 2.738 G_L1: 22.265 D_real: 0.005 D_fake: 0.334 
(epoch: 131, iters: 300, time: 0.101, data: 0.002) G_GAN: 3.630 G_L1: 28.149 D_real: 0.003 D_fake: 0.786 
(epoch: 131, iters: 400, time: 0.464, data: 0.002) G_GAN: 4.797 G_L1: 21.046 D_real: 0.017 D_fake: 0.023 
End of epoch 131 / 200 	 Time Taken: 25 sec
learning rate 0.0001366 -> 0.0001347
(epoch: 132, iters: 100, time: 0.096, data: 0.282) G_GAN: 3.346 G_L1: 21.333 D_real: 0.101 D_fake: 0.199 
(epoch: 132, iters: 200, time: 0.093, data: 0.002) G_GAN: 3.602 G_L1: 21.135 D_real: 0.101 D_fake: 0.142 
(epoch: 132, iters: 300, time: 0.095, data: 0.002) G_GAN: 1.630 G_L1: 17.671 D_real: 0.926 D_fake: 0.134 
(epoch: 132, iters: 400, time: 0.513, data: 0.002) G_GAN: 5.685 G_L1: 27.413 D_real: 0.067 D_fake: 0.005 
End of epoch 132 / 200 	 Time Taken: 25 sec
learning rate 0.0001347 -> 0.0001327
(epoch: 133, iters: 100, time: 0.100, data: 0.291) G_GAN: 4.690 G_L1: 25.825 D_real: 0.011 D_fake: 0.032 
(epoch: 133, iters: 200, time: 0.094, data: 0.002) G_GAN: 1.528 G_L1: 23.690 D_real: 0.620 D_fake: 0.104 
(epoch: 133, iters: 300, time: 0.095, data: 0.001) G_GAN: 3.904 G_L1: 24.214 D_real: 0.027 D_fake: 0.046 
(epoch: 133, iters: 400, time: 0.515, data: 0.003) G_GAN: 1.998 G_L1: 25.333 D_real: 1.589 D_fake: 0.021 
End of epoch 133 / 200 	 Time Taken: 25 sec
learning rate 0.0001327 -> 0.0001307
(epoch: 134, iters: 100, time: 0.101, data: 0.436) G_GAN: 3.190 G_L1: 24.064 D_real: 0.001 D_fake: 1.137 
(epoch: 134, iters: 200, time: 0.093, data: 0.001) G_GAN: 3.896 G_L1: 25.218 D_real: 0.022 D_fake: 0.100 
(epoch: 134, iters: 300, time: 0.101, data: 0.002) G_GAN: 5.557 G_L1: 21.748 D_real: 0.045 D_fake: 0.032 
(epoch: 134, iters: 400, time: 0.448, data: 0.001) G_GAN: 4.750 G_L1: 18.525 D_real: 0.002 D_fake: 2.873 
End of epoch 134 / 200 	 Time Taken: 25 sec
learning rate 0.0001307 -> 0.0001287
(epoch: 135, iters: 100, time: 0.101, data: 0.879) G_GAN: 3.004 G_L1: 14.106 D_real: 0.045 D_fake: 0.320 
(epoch: 135, iters: 200, time: 0.093, data: 0.001) G_GAN: 4.182 G_L1: 24.750 D_real: 0.000 D_fake: 0.164 
(epoch: 135, iters: 300, time: 0.104, data: 0.002) G_GAN: 4.258 G_L1: 22.262 D_real: 0.110 D_fake: 0.026 
(epoch: 135, iters: 400, time: 0.483, data: 0.001) G_GAN: 3.373 G_L1: 19.541 D_real: 0.025 D_fake: 0.178 
saving the model at the end of epoch 135, iters 54000
End of epoch 135 / 200 	 Time Taken: 28 sec
learning rate 0.0001287 -> 0.0001267
(epoch: 136, iters: 100, time: 0.089, data: 0.285) G_GAN: 3.153 G_L1: 18.163 D_real: 0.073 D_fake: 0.150 
(epoch: 136, iters: 200, time: 0.103, data: 0.002) G_GAN: 5.840 G_L1: 23.961 D_real: 0.037 D_fake: 0.007 
(epoch: 136, iters: 300, time: 0.093, data: 0.002) G_GAN: 1.532 G_L1: 24.360 D_real: 0.883 D_fake: 0.102 
(epoch: 136, iters: 400, time: 0.536, data: 0.003) G_GAN: 2.934 G_L1: 19.325 D_real: 0.087 D_fake: 0.154 
End of epoch 136 / 200 	 Time Taken: 25 sec
learning rate 0.0001267 -> 0.0001248
(epoch: 137, iters: 100, time: 0.087, data: 0.434) G_GAN: 2.805 G_L1: 19.484 D_real: 0.016 D_fake: 0.409 
(epoch: 137, iters: 200, time: 0.107, data: 0.002) G_GAN: 3.668 G_L1: 24.080 D_real: 0.373 D_fake: 0.034 
(epoch: 137, iters: 300, time: 0.089, data: 0.002) G_GAN: 2.663 G_L1: 26.011 D_real: 0.324 D_fake: 0.360 
(epoch: 137, iters: 400, time: 0.540, data: 0.004) G_GAN: 3.558 G_L1: 18.278 D_real: 0.788 D_fake: 0.003 
End of epoch 137 / 200 	 Time Taken: 25 sec
learning rate 0.0001248 -> 0.0001228
(epoch: 138, iters: 100, time: 0.096, data: 0.265) G_GAN: 3.388 G_L1: 17.987 D_real: 0.234 D_fake: 0.031 
(epoch: 138, iters: 200, time: 0.100, data: 0.003) G_GAN: 2.998 G_L1: 18.860 D_real: 0.217 D_fake: 0.150 
saving the latest model (epoch 138, total_iters 55000)
(epoch: 138, iters: 300, time: 0.087, data: 0.002) G_GAN: 1.175 G_L1: 17.139 D_real: 1.902 D_fake: 0.081 
(epoch: 138, iters: 400, time: 0.452, data: 0.001) G_GAN: 2.244 G_L1: 22.020 D_real: 0.339 D_fake: 0.081 
End of epoch 138 / 200 	 Time Taken: 27 sec
learning rate 0.0001228 -> 0.0001208
(epoch: 139, iters: 100, time: 0.108, data: 0.296) G_GAN: 2.267 G_L1: 23.595 D_real: 0.322 D_fake: 0.180 
(epoch: 139, iters: 200, time: 0.104, data: 0.001) G_GAN: 3.668 G_L1: 20.779 D_real: 0.124 D_fake: 0.035 
(epoch: 139, iters: 300, time: 0.095, data: 0.002) G_GAN: 3.014 G_L1: 18.793 D_real: 0.238 D_fake: 0.056 
(epoch: 139, iters: 400, time: 0.475, data: 0.002) G_GAN: 4.677 G_L1: 17.948 D_real: 0.079 D_fake: 0.018 
End of epoch 139 / 200 	 Time Taken: 25 sec
learning rate 0.0001208 -> 0.0001188
(epoch: 140, iters: 100, time: 0.085, data: 0.278) G_GAN: 4.839 G_L1: 29.093 D_real: 0.001 D_fake: 0.025 
(epoch: 140, iters: 200, time: 0.099, data: 0.003) G_GAN: 4.915 G_L1: 17.801 D_real: 0.020 D_fake: 0.552 
(epoch: 140, iters: 300, time: 0.084, data: 0.002) G_GAN: 3.237 G_L1: 23.438 D_real: 0.005 D_fake: 0.216 
(epoch: 140, iters: 400, time: 0.487, data: 0.002) G_GAN: 3.562 G_L1: 25.711 D_real: 0.227 D_fake: 0.043 
saving the model at the end of epoch 140, iters 56000
End of epoch 140 / 200 	 Time Taken: 28 sec
learning rate 0.0001188 -> 0.0001168
(epoch: 141, iters: 100, time: 0.100, data: 0.509) G_GAN: 3.478 G_L1: 18.671 D_real: 0.090 D_fake: 0.031 
(epoch: 141, iters: 200, time: 0.101, data: 0.002) G_GAN: 2.978 G_L1: 19.863 D_real: 0.416 D_fake: 0.022 
(epoch: 141, iters: 300, time: 0.096, data: 0.002) G_GAN: 3.150 G_L1: 20.633 D_real: 0.039 D_fake: 0.158 
(epoch: 141, iters: 400, time: 0.539, data: 0.002) G_GAN: 3.675 G_L1: 24.389 D_real: 0.035 D_fake: 0.842 
End of epoch 141 / 200 	 Time Taken: 25 sec
learning rate 0.0001168 -> 0.0001149
(epoch: 142, iters: 100, time: 0.097, data: 0.300) G_GAN: 2.519 G_L1: 12.639 D_real: 0.114 D_fake: 0.084 
(epoch: 142, iters: 200, time: 0.103, data: 0.002) G_GAN: 3.760 G_L1: 21.201 D_real: 0.137 D_fake: 0.218 
(epoch: 142, iters: 300, time: 0.100, data: 0.001) G_GAN: 1.673 G_L1: 16.735 D_real: 0.481 D_fake: 0.111 
(epoch: 142, iters: 400, time: 0.493, data: 0.003) G_GAN: 1.825 G_L1: 15.843 D_real: 1.025 D_fake: 0.042 
End of epoch 142 / 200 	 Time Taken: 25 sec
learning rate 0.0001149 -> 0.0001129
(epoch: 143, iters: 100, time: 0.091, data: 0.310) G_GAN: 2.821 G_L1: 18.617 D_real: 0.423 D_fake: 0.034 
(epoch: 143, iters: 200, time: 0.106, data: 0.003) G_GAN: 4.363 G_L1: 21.121 D_real: 0.014 D_fake: 0.023 
(epoch: 143, iters: 300, time: 0.101, data: 0.001) G_GAN: 3.647 G_L1: 23.126 D_real: 0.020 D_fake: 0.116 
(epoch: 143, iters: 400, time: 0.732, data: 0.003) G_GAN: 3.664 G_L1: 26.405 D_real: 0.040 D_fake: 0.281 
End of epoch 143 / 200 	 Time Taken: 25 sec
learning rate 0.0001129 -> 0.0001109
(epoch: 144, iters: 100, time: 0.094, data: 0.306) G_GAN: 3.539 G_L1: 28.818 D_real: 0.007 D_fake: 0.121 
(epoch: 144, iters: 200, time: 0.100, data: 0.003) G_GAN: 3.044 G_L1: 21.037 D_real: 0.004 D_fake: 0.108 
(epoch: 144, iters: 300, time: 0.096, data: 0.001) G_GAN: 1.813 G_L1: 18.372 D_real: 0.390 D_fake: 0.240 
(epoch: 144, iters: 400, time: 0.521, data: 0.002) G_GAN: 3.531 G_L1: 21.119 D_real: 0.046 D_fake: 0.146 
End of epoch 144 / 200 	 Time Taken: 25 sec
learning rate 0.0001109 -> 0.0001089
(epoch: 145, iters: 100, time: 0.102, data: 0.328) G_GAN: 3.742 G_L1: 21.605 D_real: 0.256 D_fake: 0.027 
(epoch: 145, iters: 200, time: 0.097, data: 0.002) G_GAN: 3.300 G_L1: 21.965 D_real: 0.138 D_fake: 0.180 
(epoch: 145, iters: 300, time: 0.098, data: 0.002) G_GAN: 4.481 G_L1: 25.883 D_real: 0.009 D_fake: 0.028 
(epoch: 145, iters: 400, time: 0.489, data: 0.003) G_GAN: 4.087 G_L1: 24.933 D_real: 0.209 D_fake: 0.057 
saving the model at the end of epoch 145, iters 58000
End of epoch 145 / 200 	 Time Taken: 28 sec
learning rate 0.0001089 -> 0.0001069
(epoch: 146, iters: 100, time: 0.102, data: 0.270) G_GAN: 3.921 G_L1: 22.186 D_real: 0.093 D_fake: 0.047 
(epoch: 146, iters: 200, time: 0.089, data: 0.002) G_GAN: 3.284 G_L1: 16.891 D_real: 0.288 D_fake: 0.035 
(epoch: 146, iters: 300, time: 0.091, data: 0.002) G_GAN: 3.338 G_L1: 20.755 D_real: 0.302 D_fake: 0.027 
(epoch: 146, iters: 400, time: 0.519, data: 0.002) G_GAN: 4.134 G_L1: 19.234 D_real: 0.054 D_fake: 0.030 
End of epoch 146 / 200 	 Time Taken: 25 sec
learning rate 0.0001069 -> 0.0001050
(epoch: 147, iters: 100, time: 0.100, data: 0.381) G_GAN: 4.729 G_L1: 22.773 D_real: 0.230 D_fake: 0.012 
(epoch: 147, iters: 200, time: 0.096, data: 0.002) G_GAN: 3.128 G_L1: 26.507 D_real: 0.049 D_fake: 0.118 
(epoch: 147, iters: 300, time: 0.105, data: 0.004) G_GAN: 3.656 G_L1: 24.257 D_real: 0.054 D_fake: 0.057 
(epoch: 147, iters: 400, time: 0.494, data: 0.002) G_GAN: 3.060 G_L1: 23.047 D_real: 0.003 D_fake: 0.646 
End of epoch 147 / 200 	 Time Taken: 25 sec
learning rate 0.0001050 -> 0.0001030
(epoch: 148, iters: 100, time: 0.100, data: 0.297) G_GAN: 4.963 G_L1: 21.656 D_real: 0.111 D_fake: 0.016 
(epoch: 148, iters: 200, time: 0.102, data: 0.002) G_GAN: 2.331 G_L1: 25.028 D_real: 0.836 D_fake: 0.030 
(epoch: 148, iters: 300, time: 0.084, data: 0.003) G_GAN: 3.545 G_L1: 17.454 D_real: 0.102 D_fake: 0.083 
(epoch: 148, iters: 400, time: 0.797, data: 0.002) G_GAN: 4.802 G_L1: 25.023 D_real: 0.177 D_fake: 0.006 
End of epoch 148 / 200 	 Time Taken: 25 sec
learning rate 0.0001030 -> 0.0001010
(epoch: 149, iters: 100, time: 0.099, data: 0.223) G_GAN: 3.830 G_L1: 25.278 D_real: 0.014 D_fake: 0.293 
(epoch: 149, iters: 200, time: 0.093, data: 0.003) G_GAN: 2.947 G_L1: 23.233 D_real: 0.224 D_fake: 0.052 
(epoch: 149, iters: 300, time: 0.104, data: 0.004) G_GAN: 4.231 G_L1: 18.871 D_real: 0.072 D_fake: 0.026 
(epoch: 149, iters: 400, time: 0.645, data: 0.003) G_GAN: 2.747 G_L1: 17.838 D_real: 0.226 D_fake: 0.065 
End of epoch 149 / 200 	 Time Taken: 25 sec
learning rate 0.0001010 -> 0.0000990
(epoch: 150, iters: 100, time: 0.091, data: 0.289) G_GAN: 4.448 G_L1: 23.392 D_real: 0.084 D_fake: 0.019 
(epoch: 150, iters: 200, time: 0.105, data: 0.003) G_GAN: 4.578 G_L1: 26.317 D_real: 0.023 D_fake: 0.036 
(epoch: 150, iters: 300, time: 0.095, data: 0.003) G_GAN: 3.762 G_L1: 20.121 D_real: 0.019 D_fake: 0.283 
(epoch: 150, iters: 400, time: 0.758, data: 0.002) G_GAN: 1.180 G_L1: 24.887 D_real: 0.925 D_fake: 0.052 
saving the latest model (epoch 150, total_iters 60000)
saving the model at the end of epoch 150, iters 60000
End of epoch 150 / 200 	 Time Taken: 30 sec
learning rate 0.0000990 -> 0.0000970
(epoch: 151, iters: 100, time: 0.100, data: 0.351) G_GAN: 4.151 G_L1: 22.536 D_real: 0.026 D_fake: 0.332 
(epoch: 151, iters: 200, time: 0.102, data: 0.002) G_GAN: 2.805 G_L1: 16.838 D_real: 0.297 D_fake: 0.098 
(epoch: 151, iters: 300, time: 0.099, data: 0.002) G_GAN: 2.908 G_L1: 15.113 D_real: 0.267 D_fake: 0.046 
(epoch: 151, iters: 400, time: 0.647, data: 0.001) G_GAN: 4.486 G_L1: 22.892 D_real: 0.087 D_fake: 0.017 
End of epoch 151 / 200 	 Time Taken: 25 sec
learning rate 0.0000970 -> 0.0000950
(epoch: 152, iters: 100, time: 0.084, data: 0.411) G_GAN: 1.805 G_L1: 17.046 D_real: 0.789 D_fake: 0.245 
(epoch: 152, iters: 200, time: 0.102, data: 0.003) G_GAN: 3.486 G_L1: 16.218 D_real: 0.082 D_fake: 0.070 
(epoch: 152, iters: 300, time: 0.105, data: 0.002) G_GAN: 3.404 G_L1: 23.063 D_real: 0.052 D_fake: 0.199 
(epoch: 152, iters: 400, time: 0.569, data: 0.002) G_GAN: 3.173 G_L1: 22.312 D_real: 0.007 D_fake: 0.142 
End of epoch 152 / 200 	 Time Taken: 25 sec
learning rate 0.0000950 -> 0.0000931
(epoch: 153, iters: 100, time: 0.083, data: 0.364) G_GAN: 2.822 G_L1: 27.261 D_real: 0.019 D_fake: 0.185 
(epoch: 153, iters: 200, time: 0.096, data: 0.002) G_GAN: 3.960 G_L1: 20.057 D_real: 0.030 D_fake: 0.048 
(epoch: 153, iters: 300, time: 0.091, data: 0.002) G_GAN: 3.422 G_L1: 19.523 D_real: 0.002 D_fake: 0.717 
(epoch: 153, iters: 400, time: 0.571, data: 0.003) G_GAN: 4.574 G_L1: 18.855 D_real: 0.037 D_fake: 0.019 
End of epoch 153 / 200 	 Time Taken: 25 sec
learning rate 0.0000931 -> 0.0000911
(epoch: 154, iters: 100, time: 0.096, data: 0.335) G_GAN: 3.684 G_L1: 15.595 D_real: 0.033 D_fake: 0.249 
(epoch: 154, iters: 200, time: 0.100, data: 0.006) G_GAN: 2.720 G_L1: 23.691 D_real: 0.346 D_fake: 0.091 
(epoch: 154, iters: 300, time: 0.100, data: 0.002) G_GAN: 2.890 G_L1: 18.873 D_real: 0.092 D_fake: 0.110 
(epoch: 154, iters: 400, time: 0.546, data: 0.001) G_GAN: 1.515 G_L1: 16.079 D_real: 1.009 D_fake: 0.026 
End of epoch 154 / 200 	 Time Taken: 25 sec
learning rate 0.0000911 -> 0.0000891
(epoch: 155, iters: 100, time: 0.100, data: 0.387) G_GAN: 4.039 G_L1: 24.873 D_real: 0.000 D_fake: 0.130 
(epoch: 155, iters: 200, time: 0.084, data: 0.002) G_GAN: 4.359 G_L1: 25.017 D_real: 0.001 D_fake: 0.061 
(epoch: 155, iters: 300, time: 0.093, data: 0.004) G_GAN: 4.449 G_L1: 20.465 D_real: 0.047 D_fake: 0.030 
(epoch: 155, iters: 400, time: 0.543, data: 0.002) G_GAN: 2.748 G_L1: 24.294 D_real: 0.112 D_fake: 0.145 
saving the model at the end of epoch 155, iters 62000
End of epoch 155 / 200 	 Time Taken: 28 sec
learning rate 0.0000891 -> 0.0000871
(epoch: 156, iters: 100, time: 0.084, data: 0.391) G_GAN: 2.076 G_L1: 16.189 D_real: 0.376 D_fake: 0.087 
(epoch: 156, iters: 200, time: 0.106, data: 0.003) G_GAN: 3.209 G_L1: 14.507 D_real: 0.097 D_fake: 0.082 
(epoch: 156, iters: 300, time: 0.105, data: 0.002) G_GAN: 2.997 G_L1: 18.114 D_real: 0.315 D_fake: 0.059 
(epoch: 156, iters: 400, time: 0.520, data: 0.002) G_GAN: 4.183 G_L1: 17.005 D_real: 0.291 D_fake: 0.017 
End of epoch 156 / 200 	 Time Taken: 25 sec
learning rate 0.0000871 -> 0.0000851
(epoch: 157, iters: 100, time: 0.098, data: 0.458) G_GAN: 3.318 G_L1: 14.939 D_real: 0.051 D_fake: 0.076 
(epoch: 157, iters: 200, time: 0.099, data: 0.002) G_GAN: 3.184 G_L1: 17.583 D_real: 0.032 D_fake: 0.136 
(epoch: 157, iters: 300, time: 0.103, data: 0.002) G_GAN: 3.639 G_L1: 27.001 D_real: 0.005 D_fake: 0.142 
(epoch: 157, iters: 400, time: 0.479, data: 0.002) G_GAN: 3.744 G_L1: 21.715 D_real: 0.014 D_fake: 0.104 
End of epoch 157 / 200 	 Time Taken: 25 sec
learning rate 0.0000851 -> 0.0000832
(epoch: 158, iters: 100, time: 0.099, data: 0.380) G_GAN: 5.012 G_L1: 20.309 D_real: 0.042 D_fake: 0.010 
(epoch: 158, iters: 200, time: 0.101, data: 0.001) G_GAN: 4.770 G_L1: 19.831 D_real: 0.061 D_fake: 0.019 
(epoch: 158, iters: 300, time: 0.101, data: 0.001) G_GAN: 1.951 G_L1: 27.188 D_real: 0.356 D_fake: 0.214 
(epoch: 158, iters: 400, time: 0.500, data: 0.002) G_GAN: 1.061 G_L1: 22.884 D_real: 1.436 D_fake: 0.025 
End of epoch 158 / 200 	 Time Taken: 25 sec
learning rate 0.0000832 -> 0.0000812
(epoch: 159, iters: 100, time: 0.100, data: 0.390) G_GAN: 5.091 G_L1: 17.811 D_real: 0.001 D_fake: 1.319 
(epoch: 159, iters: 200, time: 0.104, data: 0.001) G_GAN: 3.641 G_L1: 20.180 D_real: 0.061 D_fake: 0.111 
(epoch: 159, iters: 300, time: 0.091, data: 0.002) G_GAN: 3.661 G_L1: 16.244 D_real: 0.453 D_fake: 0.009 
(epoch: 159, iters: 400, time: 0.634, data: 0.003) G_GAN: 4.469 G_L1: 27.026 D_real: 0.005 D_fake: 0.076 
End of epoch 159 / 200 	 Time Taken: 25 sec
learning rate 0.0000812 -> 0.0000792
(epoch: 160, iters: 100, time: 0.101, data: 0.291) G_GAN: 2.707 G_L1: 24.226 D_real: 0.145 D_fake: 0.403 
(epoch: 160, iters: 200, time: 0.083, data: 0.003) G_GAN: 4.407 G_L1: 21.782 D_real: 0.019 D_fake: 0.031 
(epoch: 160, iters: 300, time: 0.093, data: 0.004) G_GAN: 3.510 G_L1: 18.538 D_real: 0.149 D_fake: 0.061 
(epoch: 160, iters: 400, time: 0.708, data: 0.003) G_GAN: 4.695 G_L1: 26.224 D_real: 0.064 D_fake: 0.024 
saving the model at the end of epoch 160, iters 64000
End of epoch 160 / 200 	 Time Taken: 28 sec
learning rate 0.0000792 -> 0.0000772
(epoch: 161, iters: 100, time: 0.097, data: 0.371) G_GAN: 3.052 G_L1: 25.713 D_real: 0.007 D_fake: 0.704 
(epoch: 161, iters: 200, time: 0.093, data: 0.002) G_GAN: 3.681 G_L1: 23.937 D_real: 0.060 D_fake: 0.184 
(epoch: 161, iters: 300, time: 0.090, data: 0.003) G_GAN: 2.833 G_L1: 21.185 D_real: 0.029 D_fake: 0.158 
(epoch: 161, iters: 400, time: 0.510, data: 0.003) G_GAN: 4.564 G_L1: 20.795 D_real: 0.114 D_fake: 0.018 
End of epoch 161 / 200 	 Time Taken: 25 sec
learning rate 0.0000772 -> 0.0000752
(epoch: 162, iters: 100, time: 0.102, data: 0.363) G_GAN: 3.315 G_L1: 18.406 D_real: 0.083 D_fake: 0.819 
(epoch: 162, iters: 200, time: 0.100, data: 0.002) G_GAN: 2.988 G_L1: 20.455 D_real: 0.274 D_fake: 0.038 
(epoch: 162, iters: 300, time: 0.103, data: 0.002) G_GAN: 4.604 G_L1: 32.287 D_real: 0.006 D_fake: 0.024 
(epoch: 162, iters: 400, time: 0.588, data: 0.001) G_GAN: 3.381 G_L1: 19.350 D_real: 0.006 D_fake: 0.150 
End of epoch 162 / 200 	 Time Taken: 25 sec
learning rate 0.0000752 -> 0.0000733
(epoch: 163, iters: 100, time: 0.101, data: 0.276) G_GAN: 3.630 G_L1: 22.146 D_real: 0.003 D_fake: 0.065 
(epoch: 163, iters: 200, time: 0.084, data: 0.001) G_GAN: 3.932 G_L1: 21.680 D_real: 0.027 D_fake: 0.064 
saving the latest model (epoch 163, total_iters 65000)
(epoch: 163, iters: 300, time: 0.100, data: 0.004) G_GAN: 3.979 G_L1: 23.828 D_real: 0.090 D_fake: 0.034 
(epoch: 163, iters: 400, time: 0.518, data: 0.001) G_GAN: 2.957 G_L1: 17.374 D_real: 0.400 D_fake: 0.029 
End of epoch 163 / 200 	 Time Taken: 27 sec
learning rate 0.0000733 -> 0.0000713
(epoch: 164, iters: 100, time: 0.100, data: 0.346) G_GAN: 4.609 G_L1: 21.098 D_real: 0.114 D_fake: 0.023 
(epoch: 164, iters: 200, time: 0.103, data: 0.001) G_GAN: 1.647 G_L1: 18.858 D_real: 0.411 D_fake: 0.183 
(epoch: 164, iters: 300, time: 0.100, data: 0.002) G_GAN: 3.479 G_L1: 19.048 D_real: 0.080 D_fake: 0.058 
(epoch: 164, iters: 400, time: 0.519, data: 0.002) G_GAN: 3.181 G_L1: 18.174 D_real: 0.126 D_fake: 0.075 
End of epoch 164 / 200 	 Time Taken: 25 sec
learning rate 0.0000713 -> 0.0000693
(epoch: 165, iters: 100, time: 0.087, data: 0.349) G_GAN: 3.855 G_L1: 19.757 D_real: 0.131 D_fake: 0.028 
(epoch: 165, iters: 200, time: 0.101, data: 0.002) G_GAN: 2.897 G_L1: 14.868 D_real: 0.035 D_fake: 0.318 
(epoch: 165, iters: 300, time: 0.100, data: 0.002) G_GAN: 2.821 G_L1: 22.112 D_real: 0.011 D_fake: 0.168 
(epoch: 165, iters: 400, time: 0.506, data: 0.001) G_GAN: 4.357 G_L1: 19.683 D_real: 0.024 D_fake: 0.040 
saving the model at the end of epoch 165, iters 66000
End of epoch 165 / 200 	 Time Taken: 27 sec
learning rate 0.0000693 -> 0.0000673
(epoch: 166, iters: 100, time: 0.101, data: 0.333) G_GAN: 3.203 G_L1: 20.190 D_real: 0.061 D_fake: 0.133 
(epoch: 166, iters: 200, time: 0.088, data: 0.004) G_GAN: 3.100 G_L1: 21.495 D_real: 0.027 D_fake: 0.119 
(epoch: 166, iters: 300, time: 0.081, data: 0.004) G_GAN: 1.041 G_L1: 20.971 D_real: 2.312 D_fake: 0.012 
(epoch: 166, iters: 400, time: 0.633, data: 0.002) G_GAN: 3.805 G_L1: 27.430 D_real: 0.002 D_fake: 0.055 
End of epoch 166 / 200 	 Time Taken: 25 sec
learning rate 0.0000673 -> 0.0000653
(epoch: 167, iters: 100, time: 0.089, data: 0.386) G_GAN: 3.951 G_L1: 19.310 D_real: 0.005 D_fake: 0.071 
(epoch: 167, iters: 200, time: 0.084, data: 0.003) G_GAN: 4.138 G_L1: 21.093 D_real: 0.020 D_fake: 0.034 
(epoch: 167, iters: 300, time: 0.098, data: 0.003) G_GAN: 3.236 G_L1: 19.470 D_real: 0.456 D_fake: 0.030 
(epoch: 167, iters: 400, time: 0.774, data: 0.003) G_GAN: 3.199 G_L1: 21.843 D_real: 0.125 D_fake: 0.720 
End of epoch 167 / 200 	 Time Taken: 25 sec
learning rate 0.0000653 -> 0.0000634
(epoch: 168, iters: 100, time: 0.099, data: 0.234) G_GAN: 4.241 G_L1: 17.836 D_real: 0.016 D_fake: 0.086 
(epoch: 168, iters: 200, time: 0.106, data: 0.002) G_GAN: 3.195 G_L1: 22.528 D_real: 0.008 D_fake: 0.106 
(epoch: 168, iters: 300, time: 0.102, data: 0.001) G_GAN: 6.530 G_L1: 27.140 D_real: 0.191 D_fake: 0.001 
(epoch: 168, iters: 400, time: 0.492, data: 0.002) G_GAN: 3.087 G_L1: 27.427 D_real: 0.003 D_fake: 0.256 
End of epoch 168 / 200 	 Time Taken: 25 sec
learning rate 0.0000634 -> 0.0000614
(epoch: 169, iters: 100, time: 0.108, data: 0.323) G_GAN: 3.785 G_L1: 16.972 D_real: 0.189 D_fake: 0.025 
(epoch: 169, iters: 200, time: 0.095, data: 0.002) G_GAN: 2.117 G_L1: 15.772 D_real: 0.367 D_fake: 0.436 
(epoch: 169, iters: 300, time: 0.101, data: 0.003) G_GAN: 3.316 G_L1: 24.334 D_real: 0.010 D_fake: 0.099 
(epoch: 169, iters: 400, time: 0.649, data: 0.001) G_GAN: 2.799 G_L1: 20.721 D_real: 0.022 D_fake: 0.167 
End of epoch 169 / 200 	 Time Taken: 25 sec
learning rate 0.0000614 -> 0.0000594
(epoch: 170, iters: 100, time: 0.099, data: 0.319) G_GAN: 3.379 G_L1: 17.349 D_real: 0.082 D_fake: 0.045 
(epoch: 170, iters: 200, time: 0.092, data: 0.002) G_GAN: 3.195 G_L1: 19.829 D_real: 0.036 D_fake: 0.071 
(epoch: 170, iters: 300, time: 0.097, data: 0.002) G_GAN: 2.716 G_L1: 16.646 D_real: 0.143 D_fake: 0.105 
(epoch: 170, iters: 400, time: 0.559, data: 0.002) G_GAN: 3.134 G_L1: 16.839 D_real: 0.024 D_fake: 0.074 
saving the model at the end of epoch 170, iters 68000
End of epoch 170 / 200 	 Time Taken: 28 sec
learning rate 0.0000594 -> 0.0000574
(epoch: 171, iters: 100, time: 0.097, data: 0.361) G_GAN: 3.363 G_L1: 18.926 D_real: 0.035 D_fake: 0.223 
(epoch: 171, iters: 200, time: 0.103, data: 0.002) G_GAN: 3.743 G_L1: 24.396 D_real: 0.110 D_fake: 0.050 
(epoch: 171, iters: 300, time: 0.102, data: 0.002) G_GAN: 4.895 G_L1: 30.288 D_real: 0.040 D_fake: 0.014 
(epoch: 171, iters: 400, time: 0.706, data: 0.001) G_GAN: 4.546 G_L1: 18.846 D_real: 0.118 D_fake: 0.017 
End of epoch 171 / 200 	 Time Taken: 25 sec
learning rate 0.0000574 -> 0.0000554
(epoch: 172, iters: 100, time: 0.087, data: 0.297) G_GAN: 3.494 G_L1: 16.777 D_real: 0.294 D_fake: 0.050 
(epoch: 172, iters: 200, time: 0.096, data: 0.002) G_GAN: 3.197 G_L1: 18.179 D_real: 0.003 D_fake: 0.120 
(epoch: 172, iters: 300, time: 0.103, data: 0.003) G_GAN: 3.551 G_L1: 17.995 D_real: 0.109 D_fake: 0.048 
(epoch: 172, iters: 400, time: 0.532, data: 0.002) G_GAN: 1.736 G_L1: 17.851 D_real: 0.621 D_fake: 0.278 
End of epoch 172 / 200 	 Time Taken: 25 sec
learning rate 0.0000554 -> 0.0000535
(epoch: 173, iters: 100, time: 0.101, data: 0.294) G_GAN: 3.255 G_L1: 18.348 D_real: 0.109 D_fake: 0.063 
(epoch: 173, iters: 200, time: 0.105, data: 0.001) G_GAN: 4.889 G_L1: 30.082 D_real: 0.046 D_fake: 0.035 
(epoch: 173, iters: 300, time: 0.086, data: 0.002) G_GAN: 2.612 G_L1: 19.641 D_real: 0.132 D_fake: 0.103 
(epoch: 173, iters: 400, time: 0.546, data: 0.002) G_GAN: 4.688 G_L1: 22.313 D_real: 0.009 D_fake: 0.028 
End of epoch 173 / 200 	 Time Taken: 25 sec
learning rate 0.0000535 -> 0.0000515
(epoch: 174, iters: 100, time: 0.097, data: 0.351) G_GAN: 3.849 G_L1: 26.336 D_real: 0.086 D_fake: 0.041 
(epoch: 174, iters: 200, time: 0.099, data: 0.002) G_GAN: 3.172 G_L1: 17.706 D_real: 0.026 D_fake: 0.103 
(epoch: 174, iters: 300, time: 0.089, data: 0.001) G_GAN: 2.824 G_L1: 18.165 D_real: 0.497 D_fake: 0.046 
(epoch: 174, iters: 400, time: 0.582, data: 0.002) G_GAN: 3.136 G_L1: 24.514 D_real: 0.019 D_fake: 0.165 
End of epoch 174 / 200 	 Time Taken: 25 sec
learning rate 0.0000515 -> 0.0000495
(epoch: 175, iters: 100, time: 0.109, data: 0.266) G_GAN: 2.053 G_L1: 16.590 D_real: 0.238 D_fake: 0.272 
(epoch: 175, iters: 200, time: 0.101, data: 0.003) G_GAN: 2.976 G_L1: 24.249 D_real: 0.001 D_fake: 0.168 
(epoch: 175, iters: 300, time: 0.095, data: 0.002) G_GAN: 2.923 G_L1: 15.817 D_real: 0.101 D_fake: 0.133 
(epoch: 175, iters: 400, time: 0.659, data: 0.003) G_GAN: 5.308 G_L1: 33.289 D_real: 0.072 D_fake: 0.023 
saving the latest model (epoch 175, total_iters 70000)
saving the model at the end of epoch 175, iters 70000
End of epoch 175 / 200 	 Time Taken: 30 sec
learning rate 0.0000495 -> 0.0000475
(epoch: 176, iters: 100, time: 0.100, data: 0.267) G_GAN: 3.440 G_L1: 24.487 D_real: 0.021 D_fake: 0.107 
(epoch: 176, iters: 200, time: 0.101, data: 0.002) G_GAN: 3.891 G_L1: 19.005 D_real: 0.110 D_fake: 0.035 
(epoch: 176, iters: 300, time: 0.103, data: 0.002) G_GAN: 2.767 G_L1: 15.189 D_real: 0.027 D_fake: 0.210 
(epoch: 176, iters: 400, time: 0.522, data: 0.003) G_GAN: 3.950 G_L1: 18.464 D_real: 0.069 D_fake: 0.092 
End of epoch 176 / 200 	 Time Taken: 25 sec
learning rate 0.0000475 -> 0.0000455
(epoch: 177, iters: 100, time: 0.092, data: 0.271) G_GAN: 3.053 G_L1: 18.391 D_real: 0.133 D_fake: 0.083 
(epoch: 177, iters: 200, time: 0.100, data: 0.004) G_GAN: 2.477 G_L1: 18.483 D_real: 0.057 D_fake: 0.390 
(epoch: 177, iters: 300, time: 0.108, data: 0.002) G_GAN: 2.458 G_L1: 13.798 D_real: 0.263 D_fake: 0.163 
(epoch: 177, iters: 400, time: 0.638, data: 0.001) G_GAN: 3.393 G_L1: 16.356 D_real: 0.123 D_fake: 0.092 
End of epoch 177 / 200 	 Time Taken: 25 sec
learning rate 0.0000455 -> 0.0000436
(epoch: 178, iters: 100, time: 0.103, data: 0.245) G_GAN: 4.553 G_L1: 22.830 D_real: 0.326 D_fake: 0.009 
(epoch: 178, iters: 200, time: 0.107, data: 0.001) G_GAN: 3.687 G_L1: 18.081 D_real: 0.402 D_fake: 0.022 
(epoch: 178, iters: 300, time: 0.102, data: 0.002) G_GAN: 3.660 G_L1: 19.556 D_real: 0.017 D_fake: 1.467 
(epoch: 178, iters: 400, time: 0.556, data: 0.002) G_GAN: 4.012 G_L1: 21.381 D_real: 0.022 D_fake: 0.038 
End of epoch 178 / 200 	 Time Taken: 25 sec
learning rate 0.0000436 -> 0.0000416
(epoch: 179, iters: 100, time: 0.105, data: 0.353) G_GAN: 2.450 G_L1: 13.141 D_real: 0.070 D_fake: 0.319 
(epoch: 179, iters: 200, time: 0.090, data: 0.002) G_GAN: 4.610 G_L1: 18.162 D_real: 0.002 D_fake: 0.022 
(epoch: 179, iters: 300, time: 0.100, data: 0.002) G_GAN: 3.609 G_L1: 20.597 D_real: 0.146 D_fake: 0.038 
(epoch: 179, iters: 400, time: 0.627, data: 0.003) G_GAN: 3.594 G_L1: 20.750 D_real: 0.005 D_fake: 0.112 
End of epoch 179 / 200 	 Time Taken: 25 sec
learning rate 0.0000416 -> 0.0000396
(epoch: 180, iters: 100, time: 0.098, data: 0.294) G_GAN: 3.767 G_L1: 22.742 D_real: 0.005 D_fake: 0.097 
(epoch: 180, iters: 200, time: 0.105, data: 0.002) G_GAN: 3.029 G_L1: 14.914 D_real: 0.021 D_fake: 0.189 
(epoch: 180, iters: 300, time: 0.108, data: 0.001) G_GAN: 3.149 G_L1: 17.042 D_real: 0.035 D_fake: 0.133 
(epoch: 180, iters: 400, time: 0.700, data: 0.002) G_GAN: 2.455 G_L1: 17.606 D_real: 0.115 D_fake: 0.263 
saving the model at the end of epoch 180, iters 72000
End of epoch 180 / 200 	 Time Taken: 28 sec
learning rate 0.0000396 -> 0.0000376
(epoch: 181, iters: 100, time: 0.106, data: 0.348) G_GAN: 2.989 G_L1: 21.528 D_real: 0.021 D_fake: 0.190 
(epoch: 181, iters: 200, time: 0.104, data: 0.002) G_GAN: 3.377 G_L1: 23.828 D_real: 0.017 D_fake: 0.145 
(epoch: 181, iters: 300, time: 0.099, data: 0.004) G_GAN: 3.218 G_L1: 17.655 D_real: 0.506 D_fake: 0.033 
(epoch: 181, iters: 400, time: 0.634, data: 0.001) G_GAN: 2.791 G_L1: 20.226 D_real: 0.054 D_fake: 0.208 
End of epoch 181 / 200 	 Time Taken: 25 sec
learning rate 0.0000376 -> 0.0000356
(epoch: 182, iters: 100, time: 0.100, data: 0.465) G_GAN: 2.692 G_L1: 22.481 D_real: 0.034 D_fake: 0.689 
(epoch: 182, iters: 200, time: 0.103, data: 0.001) G_GAN: 2.584 G_L1: 25.309 D_real: 0.128 D_fake: 0.167 
(epoch: 182, iters: 300, time: 0.089, data: 0.001) G_GAN: 2.518 G_L1: 20.832 D_real: 0.011 D_fake: 0.276 
(epoch: 182, iters: 400, time: 0.709, data: 0.002) G_GAN: 2.885 G_L1: 20.380 D_real: 0.038 D_fake: 0.199 
End of epoch 182 / 200 	 Time Taken: 25 sec
learning rate 0.0000356 -> 0.0000337
(epoch: 183, iters: 100, time: 0.092, data: 0.372) G_GAN: 3.585 G_L1: 19.123 D_real: 0.009 D_fake: 0.092 
(epoch: 183, iters: 200, time: 0.101, data: 0.003) G_GAN: 5.553 G_L1: 13.500 D_real: 0.060 D_fake: 0.007 
(epoch: 183, iters: 300, time: 0.094, data: 0.002) G_GAN: 3.708 G_L1: 19.632 D_real: 0.104 D_fake: 0.033 
(epoch: 183, iters: 400, time: 0.550, data: 0.003) G_GAN: 4.945 G_L1: 19.742 D_real: 0.031 D_fake: 0.015 
End of epoch 183 / 200 	 Time Taken: 25 sec
learning rate 0.0000337 -> 0.0000317
(epoch: 184, iters: 100, time: 0.104, data: 0.269) G_GAN: 4.336 G_L1: 20.117 D_real: 0.120 D_fake: 0.019 
(epoch: 184, iters: 200, time: 0.089, data: 0.003) G_GAN: 3.475 G_L1: 19.428 D_real: 0.021 D_fake: 0.083 
(epoch: 184, iters: 300, time: 0.103, data: 0.003) G_GAN: 3.398 G_L1: 25.636 D_real: 0.002 D_fake: 1.040 
(epoch: 184, iters: 400, time: 0.664, data: 0.002) G_GAN: 3.376 G_L1: 12.714 D_real: 0.078 D_fake: 0.057 
End of epoch 184 / 200 	 Time Taken: 25 sec
learning rate 0.0000317 -> 0.0000297
(epoch: 185, iters: 100, time: 0.091, data: 0.360) G_GAN: 4.945 G_L1: 18.418 D_real: 0.080 D_fake: 0.014 
(epoch: 185, iters: 200, time: 0.087, data: 0.003) G_GAN: 4.721 G_L1: 23.136 D_real: 0.035 D_fake: 0.016 
(epoch: 185, iters: 300, time: 0.102, data: 0.002) G_GAN: 3.922 G_L1: 13.971 D_real: 0.013 D_fake: 0.042 
(epoch: 185, iters: 400, time: 0.556, data: 0.001) G_GAN: 3.402 G_L1: 22.579 D_real: 0.019 D_fake: 0.097 
saving the model at the end of epoch 185, iters 74000
End of epoch 185 / 200 	 Time Taken: 28 sec
learning rate 0.0000297 -> 0.0000277
(epoch: 186, iters: 100, time: 0.100, data: 0.225) G_GAN: 4.134 G_L1: 24.550 D_real: 0.015 D_fake: 0.041 
(epoch: 186, iters: 200, time: 0.101, data: 0.001) G_GAN: 2.118 G_L1: 24.327 D_real: 0.111 D_fake: 0.512 
(epoch: 186, iters: 300, time: 0.101, data: 0.002) G_GAN: 3.411 G_L1: 21.777 D_real: 0.032 D_fake: 0.070 
(epoch: 186, iters: 400, time: 0.529, data: 0.002) G_GAN: 3.870 G_L1: 21.066 D_real: 0.083 D_fake: 0.039 
End of epoch 186 / 200 	 Time Taken: 25 sec
learning rate 0.0000277 -> 0.0000257
(epoch: 187, iters: 100, time: 0.104, data: 0.285) G_GAN: 2.848 G_L1: 18.836 D_real: 0.122 D_fake: 0.135 
(epoch: 187, iters: 200, time: 0.105, data: 0.001) G_GAN: 3.244 G_L1: 17.336 D_real: 0.109 D_fake: 0.102 
(epoch: 187, iters: 300, time: 0.100, data: 0.001) G_GAN: 2.388 G_L1: 23.804 D_real: 0.004 D_fake: 0.288 
(epoch: 187, iters: 400, time: 0.615, data: 0.002) G_GAN: 2.704 G_L1: 20.384 D_real: 0.070 D_fake: 0.255 
End of epoch 187 / 200 	 Time Taken: 25 sec
learning rate 0.0000257 -> 0.0000238
(epoch: 188, iters: 100, time: 0.106, data: 0.391) G_GAN: 3.117 G_L1: 20.156 D_real: 0.296 D_fake: 0.052 
(epoch: 188, iters: 200, time: 0.095, data: 0.002) G_GAN: 4.840 G_L1: 19.939 D_real: 0.025 D_fake: 0.016 
saving the latest model (epoch 188, total_iters 75000)
(epoch: 188, iters: 300, time: 0.105, data: 0.002) G_GAN: 4.515 G_L1: 19.034 D_real: 0.031 D_fake: 0.019 
(epoch: 188, iters: 400, time: 0.622, data: 0.002) G_GAN: 3.541 G_L1: 22.281 D_real: 0.013 D_fake: 0.109 
End of epoch 188 / 200 	 Time Taken: 27 sec
learning rate 0.0000238 -> 0.0000218
(epoch: 189, iters: 100, time: 0.108, data: 0.327) G_GAN: 4.556 G_L1: 24.870 D_real: 0.011 D_fake: 0.018 
(epoch: 189, iters: 200, time: 0.107, data: 0.001) G_GAN: 3.835 G_L1: 18.460 D_real: 0.058 D_fake: 0.046 
(epoch: 189, iters: 300, time: 0.102, data: 0.001) G_GAN: 3.109 G_L1: 19.558 D_real: 0.043 D_fake: 0.093 
(epoch: 189, iters: 400, time: 0.537, data: 0.001) G_GAN: 2.907 G_L1: 25.329 D_real: 0.061 D_fake: 0.150 
End of epoch 189 / 200 	 Time Taken: 25 sec
learning rate 0.0000218 -> 0.0000198
(epoch: 190, iters: 100, time: 0.107, data: 0.313) G_GAN: 4.857 G_L1: 20.883 D_real: 0.032 D_fake: 0.017 
(epoch: 190, iters: 200, time: 0.104, data: 0.001) G_GAN: 3.150 G_L1: 21.385 D_real: 0.214 D_fake: 0.057 
(epoch: 190, iters: 300, time: 0.103, data: 0.001) G_GAN: 4.686 G_L1: 18.091 D_real: 0.048 D_fake: 0.018 
(epoch: 190, iters: 400, time: 0.550, data: 0.001) G_GAN: 3.327 G_L1: 19.252 D_real: 0.008 D_fake: 0.097 
saving the model at the end of epoch 190, iters 76000
End of epoch 190 / 200 	 Time Taken: 27 sec
learning rate 0.0000198 -> 0.0000178
(epoch: 191, iters: 100, time: 0.096, data: 0.353) G_GAN: 3.460 G_L1: 19.864 D_real: 0.129 D_fake: 0.054 
(epoch: 191, iters: 200, time: 0.100, data: 0.002) G_GAN: 5.392 G_L1: 22.168 D_real: 0.039 D_fake: 0.007 
(epoch: 191, iters: 300, time: 0.100, data: 0.002) G_GAN: 3.184 G_L1: 26.520 D_real: 0.008 D_fake: 0.081 
(epoch: 191, iters: 400, time: 0.524, data: 0.001) G_GAN: 3.145 G_L1: 20.224 D_real: 0.073 D_fake: 0.108 
End of epoch 191 / 200 	 Time Taken: 25 sec
learning rate 0.0000178 -> 0.0000158
(epoch: 192, iters: 100, time: 0.102, data: 0.283) G_GAN: 3.462 G_L1: 21.178 D_real: 0.022 D_fake: 0.079 
(epoch: 192, iters: 200, time: 0.104, data: 0.003) G_GAN: 2.285 G_L1: 20.414 D_real: 0.028 D_fake: 0.323 
(epoch: 192, iters: 300, time: 0.106, data: 0.002) G_GAN: 2.874 G_L1: 17.337 D_real: 0.050 D_fake: 0.144 
(epoch: 192, iters: 400, time: 0.762, data: 0.002) G_GAN: 3.333 G_L1: 17.588 D_real: 0.234 D_fake: 0.052 
End of epoch 192 / 200 	 Time Taken: 25 sec
learning rate 0.0000158 -> 0.0000139
Socket had error 'TypeError' object has no attribute 'errno', attempting restart
(epoch: 193, iters: 100, time: 0.105, data: 0.352) G_GAN: 1.647 G_L1: 17.252 D_real: 0.161 D_fake: 0.584 
(epoch: 193, iters: 200, time: 0.101, data: 0.002) G_GAN: 3.450 G_L1: 20.062 D_real: 0.022 D_fake: 0.069 
(epoch: 193, iters: 300, time: 0.109, data: 0.001) G_GAN: 2.695 G_L1: 18.469 D_real: 0.272 D_fake: 0.130 
(epoch: 193, iters: 400, time: 0.569, data: 0.001) G_GAN: 3.870 G_L1: 17.425 D_real: 0.014 D_fake: 0.037 
Exception in user code:
------------------------------------------------------------
End of epoch 193 / 200 	 Time Taken: 41839 sec
learning rate 0.0000139 -> 0.0000119
Traceback (most recent call last):
  File "/root/miniconda3/envs/nam/lib/python3.8/site-packages/urllib3/connectionpool.py", line 790, in urlopen
    response = self._make_request(
  File "/root/miniconda3/envs/nam/lib/python3.8/site-packages/urllib3/connectionpool.py", line 536, in _make_request
    response = conn.getresponse()
  File "/root/miniconda3/envs/nam/lib/python3.8/site-packages/urllib3/connection.py", line 461, in getresponse
    httplib_response = super().getresponse()
  File "/root/miniconda3/envs/nam/lib/python3.8/http/client.py", line 1348, in getresponse
    response.begin()
  File "/root/miniconda3/envs/nam/lib/python3.8/http/client.py", line 316, in begin
    version, status, reason = self._read_status()
  File "/root/miniconda3/envs/nam/lib/python3.8/http/client.py", line 277, in _read_status
    line = str(self.fp.readline(_MAXLINE + 1), "iso-8859-1")
  File "/root/miniconda3/envs/nam/lib/python3.8/socket.py", line 669, in readinto
    return self._sock.recv_into(b)
ConnectionResetError: [Errno 104] Connection reset by peer

During handling of the above exception, another exception occurred:

Traceback (most recent call last):
  File "/root/miniconda3/envs/nam/lib/python3.8/site-packages/requests/adapters.py", line 486, in send
    resp = conn.urlopen(
  File "/root/miniconda3/envs/nam/lib/python3.8/site-packages/urllib3/connectionpool.py", line 844, in urlopen
    retries = retries.increment(
  File "/root/miniconda3/envs/nam/lib/python3.8/site-packages/urllib3/util/retry.py", line 470, in increment
    raise reraise(type(error), error, _stacktrace)
  File "/root/miniconda3/envs/nam/lib/python3.8/site-packages/urllib3/util/util.py", line 38, in reraise
    raise value.with_traceback(tb)
  File "/root/miniconda3/envs/nam/lib/python3.8/site-packages/urllib3/connectionpool.py", line 790, in urlopen
    response = self._make_request(
  File "/root/miniconda3/envs/nam/lib/python3.8/site-packages/urllib3/connectionpool.py", line 536, in _make_request
    response = conn.getresponse()
  File "/root/miniconda3/envs/nam/lib/python3.8/site-packages/urllib3/connection.py", line 461, in getresponse
    httplib_response = super().getresponse()
  File "/root/miniconda3/envs/nam/lib/python3.8/http/client.py", line 1348, in getresponse
    response.begin()
  File "/root/miniconda3/envs/nam/lib/python3.8/http/client.py", line 316, in begin
    version, status, reason = self._read_status()
  File "/root/miniconda3/envs/nam/lib/python3.8/http/client.py", line 277, in _read_status
    line = str(self.fp.readline(_MAXLINE + 1), "iso-8859-1")
  File "/root/miniconda3/envs/nam/lib/python3.8/socket.py", line 669, in readinto
    return self._sock.recv_into(b)
urllib3.exceptions.ProtocolError: ('Connection aborted.', ConnectionResetError(104, 'Connection reset by peer'))

During handling of the above exception, another exception occurred:

Traceback (most recent call last):
  File "/root/miniconda3/envs/nam/lib/python3.8/site-packages/visdom/__init__.py", line 362, in _send
    r = requests.post(
  File "/root/miniconda3/envs/nam/lib/python3.8/site-packages/requests/api.py", line 115, in post
    return request("post", url, data=data, json=json, **kwargs)
  File "/root/miniconda3/envs/nam/lib/python3.8/site-packages/requests/api.py", line 59, in request
    return session.request(method=method, url=url, **kwargs)
  File "/root/miniconda3/envs/nam/lib/python3.8/site-packages/requests/sessions.py", line 589, in request
    resp = self.send(prep, **send_kwargs)
  File "/root/miniconda3/envs/nam/lib/python3.8/site-packages/requests/sessions.py", line 703, in send
    r = adapter.send(request, **kwargs)
  File "/root/miniconda3/envs/nam/lib/python3.8/site-packages/requests/adapters.py", line 501, in send
    raise ConnectionError(err, request=request)
requests.exceptions.ConnectionError: ('Connection aborted.', ConnectionResetError(104, 'Connection reset by peer'))
[Errno 101] Network is unreachable
[Errno 101] Network is unreachable
(epoch: 194, iters: 100, time: 0.086, data: 0.299) G_GAN: 2.647 G_L1: 19.202 D_real: 0.089 D_fake: 0.157 
Exception in user code:
------------------------------------------------------------
(epoch: 194, iters: 200, time: 0.089, data: 0.002) G_GAN: 2.470 G_L1: 24.449 D_real: 0.015 D_fake: 0.199 
(epoch: 194, iters: 300, time: 0.101, data: 0.003) G_GAN: 2.065 G_L1: 25.496 D_real: 0.447 D_fake: 0.233 
(epoch: 194, iters: 400, time: 0.554, data: 0.002) G_GAN: 3.632 G_L1: 20.330 D_real: 0.219 D_fake: 0.047 
End of epoch 194 / 200 	 Time Taken: 25 sec
learning rate 0.0000119 -> 0.0000099
Traceback (most recent call last):
  File "/root/miniconda3/envs/nam/lib/python3.8/site-packages/urllib3/connection.py", line 203, in _new_conn
    sock = connection.create_connection(
  File "/root/miniconda3/envs/nam/lib/python3.8/site-packages/urllib3/util/connection.py", line 85, in create_connection
    raise err
  File "/root/miniconda3/envs/nam/lib/python3.8/site-packages/urllib3/util/connection.py", line 73, in create_connection
    sock.connect(sa)
ConnectionRefusedError: [Errno 111] Connection refused

The above exception was the direct cause of the following exception:

Traceback (most recent call last):
  File "/root/miniconda3/envs/nam/lib/python3.8/site-packages/urllib3/connectionpool.py", line 790, in urlopen
    response = self._make_request(
  File "/root/miniconda3/envs/nam/lib/python3.8/site-packages/urllib3/connectionpool.py", line 496, in _make_request
    conn.request(
  File "/root/miniconda3/envs/nam/lib/python3.8/site-packages/urllib3/connection.py", line 395, in request
    self.endheaders()
  File "/root/miniconda3/envs/nam/lib/python3.8/http/client.py", line 1251, in endheaders
    self._send_output(message_body, encode_chunked=encode_chunked)
  File "/root/miniconda3/envs/nam/lib/python3.8/http/client.py", line 1011, in _send_output
    self.send(msg)
  File "/root/miniconda3/envs/nam/lib/python3.8/http/client.py", line 951, in send
    self.connect()
  File "/root/miniconda3/envs/nam/lib/python3.8/site-packages/urllib3/connection.py", line 243, in connect
    self.sock = self._new_conn()
  File "/root/miniconda3/envs/nam/lib/python3.8/site-packages/urllib3/connection.py", line 218, in _new_conn
    raise NewConnectionError(
urllib3.exceptions.NewConnectionError: <urllib3.connection.HTTPConnection object at 0x7f7b12bbef10>: Failed to establish a new connection: [Errno 111] Connection refused

The above exception was the direct cause of the following exception:

Traceback (most recent call last):
  File "/root/miniconda3/envs/nam/lib/python3.8/site-packages/requests/adapters.py", line 486, in send
    resp = conn.urlopen(
  File "/root/miniconda3/envs/nam/lib/python3.8/site-packages/urllib3/connectionpool.py", line 844, in urlopen
    retries = retries.increment(
  File "/root/miniconda3/envs/nam/lib/python3.8/site-packages/urllib3/util/retry.py", line 515, in increment
    raise MaxRetryError(_pool, url, reason) from reason  # type: ignore[arg-type]
urllib3.exceptions.MaxRetryError: HTTPConnectionPool(host='localhost', port=8097): Max retries exceeded with url: /events (Caused by NewConnectionError('<urllib3.connection.HTTPConnection object at 0x7f7b12bbef10>: Failed to establish a new connection: [Errno 111] Connection refused'))

During handling of the above exception, another exception occurred:

Traceback (most recent call last):
  File "/root/miniconda3/envs/nam/lib/python3.8/site-packages/visdom/__init__.py", line 362, in _send
    r = requests.post(
  File "/root/miniconda3/envs/nam/lib/python3.8/site-packages/requests/api.py", line 115, in post
    return request("post", url, data=data, json=json, **kwargs)
  File "/root/miniconda3/envs/nam/lib/python3.8/site-packages/requests/api.py", line 59, in request
    return session.request(method=method, url=url, **kwargs)
  File "/root/miniconda3/envs/nam/lib/python3.8/site-packages/requests/sessions.py", line 589, in request
    resp = self.send(prep, **send_kwargs)
  File "/root/miniconda3/envs/nam/lib/python3.8/site-packages/requests/sessions.py", line 703, in send
    r = adapter.send(request, **kwargs)
  File "/root/miniconda3/envs/nam/lib/python3.8/site-packages/requests/adapters.py", line 519, in send
    raise ConnectionError(e, request=request)
requests.exceptions.ConnectionError: HTTPConnectionPool(host='localhost', port=8097): Max retries exceeded with url: /events (Caused by NewConnectionError('<urllib3.connection.HTTPConnection object at 0x7f7b12bbef10>: Failed to establish a new connection: [Errno 111] Connection refused'))
(epoch: 195, iters: 100, time: 0.098, data: 0.267) G_GAN: 2.656 G_L1: 12.487 D_real: 0.314 D_fake: 0.117 
(epoch: 195, iters: 200, time: 0.100, data: 0.003) G_GAN: 2.818 G_L1: 18.891 D_real: 0.051 D_fake: 0.125 
(epoch: 195, iters: 300, time: 0.102, data: 0.001) G_GAN: 3.050 G_L1: 22.491 D_real: 0.112 D_fake: 0.086 
(epoch: 195, iters: 400, time: 0.775, data: 0.003) G_GAN: 4.501 G_L1: 15.091 D_real: 0.153 D_fake: 0.027 
saving the model at the end of epoch 195, iters 78000
End of epoch 195 / 200 	 Time Taken: 28 sec
learning rate 0.0000099 -> 0.0000079
(epoch: 196, iters: 100, time: 0.099, data: 0.368) G_GAN: 1.710 G_L1: 14.933 D_real: 0.335 D_fake: 0.311 
(epoch: 196, iters: 200, time: 0.104, data: 0.002) G_GAN: 3.155 G_L1: 19.046 D_real: 0.025 D_fake: 0.085 
(epoch: 196, iters: 300, time: 0.092, data: 0.002) G_GAN: 5.982 G_L1: 18.005 D_real: 0.075 D_fake: 0.005 
(epoch: 196, iters: 400, time: 0.638, data: 0.001) G_GAN: 2.927 G_L1: 17.837 D_real: 0.053 D_fake: 0.106 
End of epoch 196 / 200 	 Time Taken: 25 sec
learning rate 0.0000079 -> 0.0000059
Socket had error 'TypeError' object has no attribute 'errno', attempting restart
Traceback (most recent call last):
  File "/root/miniconda3/envs/nam/lib/python3.8/site-packages/urllib3/connectionpool.py", line 790, in urlopen
    response = self._make_request(
  File "/root/miniconda3/envs/nam/lib/python3.8/site-packages/urllib3/connectionpool.py", line 536, in _make_request
    response = conn.getresponse()
  File "/root/miniconda3/envs/nam/lib/python3.8/site-packages/urllib3/connection.py", line 461, in getresponse
    httplib_response = super().getresponse()
  File "/root/miniconda3/envs/nam/lib/python3.8/http/client.py", line 1348, in getresponse
    response.begin()
  File "/root/miniconda3/envs/nam/lib/python3.8/http/client.py", line 316, in begin
    version, status, reason = self._read_status()
  File "/root/miniconda3/envs/nam/lib/python3.8/http/client.py", line 277, in _read_status
    line = str(self.fp.readline(_MAXLINE + 1), "iso-8859-1")
  File "/root/miniconda3/envs/nam/lib/python3.8/socket.py", line 669, in readinto
    return self._sock.recv_into(b)
ConnectionResetError: [Errno 104] Connection reset by peer

During handling of the above exception, another exception occurred:

Traceback (most recent call last):
  File "/root/miniconda3/envs/nam/lib/python3.8/site-packages/requests/adapters.py", line 486, in send
    resp = conn.urlopen(
  File "/root/miniconda3/envs/nam/lib/python3.8/site-packages/urllib3/connectionpool.py", line 844, in urlopen
    retries = retries.increment(
  File "/root/miniconda3/envs/nam/lib/python3.8/site-packages/urllib3/util/retry.py", line 470, in increment
    raise reraise(type(error), error, _stacktrace)
  File "/root/miniconda3/envs/nam/lib/python3.8/site-packages/urllib3/util/util.py", line 38, in reraise
    raise value.with_traceback(tb)
  File "/root/miniconda3/envs/nam/lib/python3.8/site-packages/urllib3/connectionpool.py", line 790, in urlopen
    response = self._make_request(
  File "/root/miniconda3/envs/nam/lib/python3.8/site-packages/urllib3/connectionpool.py", line 536, in _make_request
    response = conn.getresponse()
  File "/root/miniconda3/envs/nam/lib/python3.8/site-packages/urllib3/connection.py", line 461, in getresponse
    httplib_response = super().getresponse()
  File "/root/miniconda3/envs/nam/lib/python3.8/http/client.py", line 1348, in getresponse
    response.begin()
  File "/root/miniconda3/envs/nam/lib/python3.8/http/client.py", line 316, in begin
    version, status, reason = self._read_status()
  File "/root/miniconda3/envs/nam/lib/python3.8/http/client.py", line 277, in _read_status
    line = str(self.fp.readline(_MAXLINE + 1), "iso-8859-1")
  File "/root/miniconda3/envs/nam/lib/python3.8/socket.py", line 669, in readinto
    return self._sock.recv_into(b)
urllib3.exceptions.ProtocolError: ('Connection aborted.', ConnectionResetError(104, 'Connection reset by peer'))

During handling of the above exception, another exception occurred:

Traceback (most recent call last):
  File "/root/miniconda3/envs/nam/lib/python3.8/site-packages/visdom/__init__.py", line 362, in _send
    r = requests.post(
  File "/root/miniconda3/envs/nam/lib/python3.8/site-packages/requests/api.py", line 115, in post
    return request("post", url, data=data, json=json, **kwargs)
  File "/root/miniconda3/envs/nam/lib/python3.8/site-packages/requests/api.py", line 59, in request
    return session.request(method=method, url=url, **kwargs)
  File "/root/miniconda3/envs/nam/lib/python3.8/site-packages/requests/sessions.py", line 589, in request
    resp = self.send(prep, **send_kwargs)
  File "/root/miniconda3/envs/nam/lib/python3.8/site-packages/requests/sessions.py", line 703, in send
    r = adapter.send(request, **kwargs)
  File "/root/miniconda3/envs/nam/lib/python3.8/site-packages/requests/adapters.py", line 501, in send
    raise ConnectionError(err, request=request)
requests.exceptions.ConnectionError: ('Connection aborted.', ConnectionResetError(104, 'Connection reset by peer'))
[Errno 101] Network is unreachable
[Errno 101] Network is unreachable
(epoch: 197, iters: 100, time: 0.081, data: 0.276) G_GAN: 2.767 G_L1: 16.599 D_real: 0.106 D_fake: 0.128 
(epoch: 197, iters: 200, time: 0.106, data: 0.002) G_GAN: 5.013 G_L1: 27.326 D_real: 0.026 D_fake: 0.017 
Exception in user code:
------------------------------------------------------------
(epoch: 197, iters: 300, time: 0.105, data: 0.004) G_GAN: 1.932 G_L1: 22.574 D_real: 0.201 D_fake: 0.368 
Exception in user code:
------------------------------------------------------------
(epoch: 197, iters: 400, time: 1.011, data: 0.002) G_GAN: 3.549 G_L1: 19.560 D_real: 0.016 D_fake: 0.050 
End of epoch 197 / 200 	 Time Taken: 941 sec
learning rate 0.0000059 -> 0.0000040
Traceback (most recent call last):
  File "/root/miniconda3/envs/nam/lib/python3.8/site-packages/urllib3/connection.py", line 203, in _new_conn
    sock = connection.create_connection(
  File "/root/miniconda3/envs/nam/lib/python3.8/site-packages/urllib3/util/connection.py", line 85, in create_connection
    raise err
  File "/root/miniconda3/envs/nam/lib/python3.8/site-packages/urllib3/util/connection.py", line 73, in create_connection
    sock.connect(sa)
ConnectionRefusedError: [Errno 111] Connection refused

The above exception was the direct cause of the following exception:

Traceback (most recent call last):
  File "/root/miniconda3/envs/nam/lib/python3.8/site-packages/urllib3/connectionpool.py", line 790, in urlopen
    response = self._make_request(
  File "/root/miniconda3/envs/nam/lib/python3.8/site-packages/urllib3/connectionpool.py", line 496, in _make_request
    conn.request(
  File "/root/miniconda3/envs/nam/lib/python3.8/site-packages/urllib3/connection.py", line 395, in request
    self.endheaders()
  File "/root/miniconda3/envs/nam/lib/python3.8/http/client.py", line 1251, in endheaders
    self._send_output(message_body, encode_chunked=encode_chunked)
  File "/root/miniconda3/envs/nam/lib/python3.8/http/client.py", line 1011, in _send_output
    self.send(msg)
  File "/root/miniconda3/envs/nam/lib/python3.8/http/client.py", line 951, in send
    self.connect()
  File "/root/miniconda3/envs/nam/lib/python3.8/site-packages/urllib3/connection.py", line 243, in connect
    self.sock = self._new_conn()
  File "/root/miniconda3/envs/nam/lib/python3.8/site-packages/urllib3/connection.py", line 218, in _new_conn
    raise NewConnectionError(
urllib3.exceptions.NewConnectionError: <urllib3.connection.HTTPConnection object at 0x7f7b1ef3d310>: Failed to establish a new connection: [Errno 111] Connection refused

The above exception was the direct cause of the following exception:

Traceback (most recent call last):
  File "/root/miniconda3/envs/nam/lib/python3.8/site-packages/requests/adapters.py", line 486, in send
    resp = conn.urlopen(
  File "/root/miniconda3/envs/nam/lib/python3.8/site-packages/urllib3/connectionpool.py", line 844, in urlopen
    retries = retries.increment(
  File "/root/miniconda3/envs/nam/lib/python3.8/site-packages/urllib3/util/retry.py", line 515, in increment
    raise MaxRetryError(_pool, url, reason) from reason  # type: ignore[arg-type]
urllib3.exceptions.MaxRetryError: HTTPConnectionPool(host='localhost', port=8097): Max retries exceeded with url: /events (Caused by NewConnectionError('<urllib3.connection.HTTPConnection object at 0x7f7b1ef3d310>: Failed to establish a new connection: [Errno 111] Connection refused'))

During handling of the above exception, another exception occurred:

Traceback (most recent call last):
  File "/root/miniconda3/envs/nam/lib/python3.8/site-packages/visdom/__init__.py", line 362, in _send
    r = requests.post(
  File "/root/miniconda3/envs/nam/lib/python3.8/site-packages/requests/api.py", line 115, in post
    return request("post", url, data=data, json=json, **kwargs)
  File "/root/miniconda3/envs/nam/lib/python3.8/site-packages/requests/api.py", line 59, in request
    return session.request(method=method, url=url, **kwargs)
  File "/root/miniconda3/envs/nam/lib/python3.8/site-packages/requests/sessions.py", line 589, in request
    resp = self.send(prep, **send_kwargs)
  File "/root/miniconda3/envs/nam/lib/python3.8/site-packages/requests/sessions.py", line 703, in send
    r = adapter.send(request, **kwargs)
  File "/root/miniconda3/envs/nam/lib/python3.8/site-packages/requests/adapters.py", line 519, in send
    raise ConnectionError(e, request=request)
requests.exceptions.ConnectionError: HTTPConnectionPool(host='localhost', port=8097): Max retries exceeded with url: /events (Caused by NewConnectionError('<urllib3.connection.HTTPConnection object at 0x7f7b1ef3d310>: Failed to establish a new connection: [Errno 111] Connection refused'))
Socket had error 'TypeError' object has no attribute 'errno', attempting restart
Traceback (most recent call last):
  File "/root/miniconda3/envs/nam/lib/python3.8/site-packages/urllib3/connectionpool.py", line 790, in urlopen
    response = self._make_request(
  File "/root/miniconda3/envs/nam/lib/python3.8/site-packages/urllib3/connectionpool.py", line 536, in _make_request
    response = conn.getresponse()
  File "/root/miniconda3/envs/nam/lib/python3.8/site-packages/urllib3/connection.py", line 461, in getresponse
    httplib_response = super().getresponse()
  File "/root/miniconda3/envs/nam/lib/python3.8/http/client.py", line 1348, in getresponse
    response.begin()
  File "/root/miniconda3/envs/nam/lib/python3.8/http/client.py", line 316, in begin
    version, status, reason = self._read_status()
  File "/root/miniconda3/envs/nam/lib/python3.8/http/client.py", line 277, in _read_status
    line = str(self.fp.readline(_MAXLINE + 1), "iso-8859-1")
  File "/root/miniconda3/envs/nam/lib/python3.8/socket.py", line 669, in readinto
    return self._sock.recv_into(b)
ConnectionResetError: [Errno 104] Connection reset by peer

During handling of the above exception, another exception occurred:

Traceback (most recent call last):
  File "/root/miniconda3/envs/nam/lib/python3.8/site-packages/requests/adapters.py", line 486, in send
    resp = conn.urlopen(
  File "/root/miniconda3/envs/nam/lib/python3.8/site-packages/urllib3/connectionpool.py", line 844, in urlopen
    retries = retries.increment(
  File "/root/miniconda3/envs/nam/lib/python3.8/site-packages/urllib3/util/retry.py", line 470, in increment
    raise reraise(type(error), error, _stacktrace)
  File "/root/miniconda3/envs/nam/lib/python3.8/site-packages/urllib3/util/util.py", line 38, in reraise
    raise value.with_traceback(tb)
  File "/root/miniconda3/envs/nam/lib/python3.8/site-packages/urllib3/connectionpool.py", line 790, in urlopen
    response = self._make_request(
  File "/root/miniconda3/envs/nam/lib/python3.8/site-packages/urllib3/connectionpool.py", line 536, in _make_request
    response = conn.getresponse()
  File "/root/miniconda3/envs/nam/lib/python3.8/site-packages/urllib3/connection.py", line 461, in getresponse
    httplib_response = super().getresponse()
  File "/root/miniconda3/envs/nam/lib/python3.8/http/client.py", line 1348, in getresponse
    response.begin()
  File "/root/miniconda3/envs/nam/lib/python3.8/http/client.py", line 316, in begin
    version, status, reason = self._read_status()
  File "/root/miniconda3/envs/nam/lib/python3.8/http/client.py", line 277, in _read_status
    line = str(self.fp.readline(_MAXLINE + 1), "iso-8859-1")
  File "/root/miniconda3/envs/nam/lib/python3.8/socket.py", line 669, in readinto
    return self._sock.recv_into(b)
urllib3.exceptions.ProtocolError: ('Connection aborted.', ConnectionResetError(104, 'Connection reset by peer'))

During handling of the above exception, another exception occurred:

Traceback (most recent call last):
  File "/root/miniconda3/envs/nam/lib/python3.8/site-packages/visdom/__init__.py", line 362, in _send
    r = requests.post(
  File "/root/miniconda3/envs/nam/lib/python3.8/site-packages/requests/api.py", line 115, in post
    return request("post", url, data=data, json=json, **kwargs)
  File "/root/miniconda3/envs/nam/lib/python3.8/site-packages/requests/api.py", line 59, in request
    return session.request(method=method, url=url, **kwargs)
  File "/root/miniconda3/envs/nam/lib/python3.8/site-packages/requests/sessions.py", line 589, in request
    resp = self.send(prep, **send_kwargs)
  File "/root/miniconda3/envs/nam/lib/python3.8/site-packages/requests/sessions.py", line 703, in send
    r = adapter.send(request, **kwargs)
  File "/root/miniconda3/envs/nam/lib/python3.8/site-packages/requests/adapters.py", line 501, in send
    raise ConnectionError(err, request=request)
requests.exceptions.ConnectionError: ('Connection aborted.', ConnectionResetError(104, 'Connection reset by peer'))
Traceback (most recent call last):
  File "/root/miniconda3/envs/nam/lib/python3.8/site-packages/urllib3/connection.py", line 203, in _new_conn
    sock = connection.create_connection(
  File "/root/miniconda3/envs/nam/lib/python3.8/site-packages/urllib3/util/connection.py", line 85, in create_connection
    raise err
  File "/root/miniconda3/envs/nam/lib/python3.8/site-packages/urllib3/util/connection.py", line 73, in create_connection
    sock.connect(sa)
ConnectionRefusedError: [Errno 111] Connection refused

The above exception was the direct cause of the following exception:

Traceback (most recent call last):
  File "/root/miniconda3/envs/nam/lib/python3.8/site-packages/urllib3/connectionpool.py", line 790, in urlopen
    response = self._make_request(
  File "/root/miniconda3/envs/nam/lib/python3.8/site-packages/urllib3/connectionpool.py", line 496, in _make_request
    conn.request(
  File "/root/miniconda3/envs/nam/lib/python3.8/site-packages/urllib3/connection.py", line 395, in request
    self.endheaders()
  File "/root/miniconda3/envs/nam/lib/python3.8/http/client.py", line 1251, in endheaders
    self._send_output(message_body, encode_chunked=encode_chunked)
  File "/root/miniconda3/envs/nam/lib/python3.8/http/client.py", line 1011, in _send_output
    self.send(msg)
  File "/root/miniconda3/envs/nam/lib/python3.8/http/client.py", line 951, in send
    self.connect()
  File "/root/miniconda3/envs/nam/lib/python3.8/site-packages/urllib3/connection.py", line 243, in connect
    self.sock = self._new_conn()
  File "/root/miniconda3/envs/nam/lib/python3.8/site-packages/urllib3/connection.py", line 218, in _new_conn
    raise NewConnectionError(
urllib3.exceptions.NewConnectionError: <urllib3.connection.HTTPConnection object at 0x7f7b2664f3d0>: Failed to establish a new connection: [Errno 111] Connection refused

The above exception was the direct cause of the following exception:

Traceback (most recent call last):
  File "/root/miniconda3/envs/nam/lib/python3.8/site-packages/requests/adapters.py", line 486, in send
    resp = conn.urlopen(
  File "/root/miniconda3/envs/nam/lib/python3.8/site-packages/urllib3/connectionpool.py", line 844, in urlopen
    retries = retries.increment(
  File "/root/miniconda3/envs/nam/lib/python3.8/site-packages/urllib3/util/retry.py", line 515, in increment
    raise MaxRetryError(_pool, url, reason) from reason  # type: ignore[arg-type]
urllib3.exceptions.MaxRetryError: HTTPConnectionPool(host='localhost', port=8097): Max retries exceeded with url: /events (Caused by NewConnectionError('<urllib3.connection.HTTPConnection object at 0x7f7b2664f3d0>: Failed to establish a new connection: [Errno 111] Connection refused'))

During handling of the above exception, another exception occurred:

Traceback (most recent call last):
  File "/root/miniconda3/envs/nam/lib/python3.8/site-packages/visdom/__init__.py", line 362, in _send
    r = requests.post(
  File "/root/miniconda3/envs/nam/lib/python3.8/site-packages/requests/api.py", line 115, in post
    return request("post", url, data=data, json=json, **kwargs)
  File "/root/miniconda3/envs/nam/lib/python3.8/site-packages/requests/api.py", line 59, in request
    return session.request(method=method, url=url, **kwargs)
  File "/root/miniconda3/envs/nam/lib/python3.8/site-packages/requests/sessions.py", line 589, in request
    resp = self.send(prep, **send_kwargs)
  File "/root/miniconda3/envs/nam/lib/python3.8/site-packages/requests/sessions.py", line 703, in send
    r = adapter.send(request, **kwargs)
  File "/root/miniconda3/envs/nam/lib/python3.8/site-packages/requests/adapters.py", line 519, in send
    raise ConnectionError(e, request=request)
requests.exceptions.ConnectionError: HTTPConnectionPool(host='localhost', port=8097): Max retries exceeded with url: /events (Caused by NewConnectionError('<urllib3.connection.HTTPConnection object at 0x7f7b2664f3d0>: Failed to establish a new connection: [Errno 111] Connection refused'))
Traceback (most recent call last):
  File "/root/miniconda3/envs/nam/lib/python3.8/site-packages/urllib3/connection.py", line 203, in _new_conn
    sock = connection.create_connection(
(epoch: 198, iters: 100, time: 0.094, data: 0.357) G_GAN: 3.035 G_L1: 14.414 D_real: 0.091 D_fake: 0.085 
(epoch: 198, iters: 200, time: 0.095, data: 0.002) G_GAN: 2.130 G_L1: 15.805 D_real: 0.341 D_fake: 0.211 
(epoch: 198, iters: 300, time: 0.093, data: 0.001) G_GAN: 3.422 G_L1: 16.353 D_real: 0.062 D_fake: 0.061 
Exception in user code:
------------------------------------------------------------
Exception in user code:
------------------------------------------------------------
(epoch: 198, iters: 400, time: 851.037, data: 0.002) G_GAN: 3.776 G_L1: 26.205 D_real: 0.027 D_fake: 0.049 
Exception in user code:
------------------------------------------------------------
End of epoch 198 / 200 	 Time Taken: 875 sec
learning rate 0.0000040 -> 0.0000020
  File "/root/miniconda3/envs/nam/lib/python3.8/site-packages/urllib3/util/connection.py", line 85, in create_connection
    raise err
  File "/root/miniconda3/envs/nam/lib/python3.8/site-packages/urllib3/util/connection.py", line 73, in create_connection
    sock.connect(sa)
ConnectionRefusedError: [Errno 111] Connection refused

The above exception was the direct cause of the following exception:

Traceback (most recent call last):
  File "/root/miniconda3/envs/nam/lib/python3.8/site-packages/urllib3/connectionpool.py", line 790, in urlopen
    response = self._make_request(
  File "/root/miniconda3/envs/nam/lib/python3.8/site-packages/urllib3/connectionpool.py", line 496, in _make_request
    conn.request(
  File "/root/miniconda3/envs/nam/lib/python3.8/site-packages/urllib3/connection.py", line 395, in request
    self.endheaders()
  File "/root/miniconda3/envs/nam/lib/python3.8/http/client.py", line 1251, in endheaders
    self._send_output(message_body, encode_chunked=encode_chunked)
  File "/root/miniconda3/envs/nam/lib/python3.8/http/client.py", line 1011, in _send_output
    self.send(msg)
  File "/root/miniconda3/envs/nam/lib/python3.8/http/client.py", line 951, in send
    self.connect()
  File "/root/miniconda3/envs/nam/lib/python3.8/site-packages/urllib3/connection.py", line 243, in connect
    self.sock = self._new_conn()
  File "/root/miniconda3/envs/nam/lib/python3.8/site-packages/urllib3/connection.py", line 218, in _new_conn
    raise NewConnectionError(
urllib3.exceptions.NewConnectionError: <urllib3.connection.HTTPConnection object at 0x7f7b1ed8daf0>: Failed to establish a new connection: [Errno 111] Connection refused

The above exception was the direct cause of the following exception:

Traceback (most recent call last):
  File "/root/miniconda3/envs/nam/lib/python3.8/site-packages/requests/adapters.py", line 486, in send
    resp = conn.urlopen(
  File "/root/miniconda3/envs/nam/lib/python3.8/site-packages/urllib3/connectionpool.py", line 844, in urlopen
    retries = retries.increment(
  File "/root/miniconda3/envs/nam/lib/python3.8/site-packages/urllib3/util/retry.py", line 515, in increment
    raise MaxRetryError(_pool, url, reason) from reason  # type: ignore[arg-type]
urllib3.exceptions.MaxRetryError: HTTPConnectionPool(host='localhost', port=8097): Max retries exceeded with url: /events (Caused by NewConnectionError('<urllib3.connection.HTTPConnection object at 0x7f7b1ed8daf0>: Failed to establish a new connection: [Errno 111] Connection refused'))

During handling of the above exception, another exception occurred:

Traceback (most recent call last):
  File "/root/miniconda3/envs/nam/lib/python3.8/site-packages/visdom/__init__.py", line 362, in _send
    r = requests.post(
  File "/root/miniconda3/envs/nam/lib/python3.8/site-packages/requests/api.py", line 115, in post
    return request("post", url, data=data, json=json, **kwargs)
  File "/root/miniconda3/envs/nam/lib/python3.8/site-packages/requests/api.py", line 59, in request
    return session.request(method=method, url=url, **kwargs)
  File "/root/miniconda3/envs/nam/lib/python3.8/site-packages/requests/sessions.py", line 589, in request
    resp = self.send(prep, **send_kwargs)
  File "/root/miniconda3/envs/nam/lib/python3.8/site-packages/requests/sessions.py", line 703, in send
    r = adapter.send(request, **kwargs)
  File "/root/miniconda3/envs/nam/lib/python3.8/site-packages/requests/adapters.py", line 519, in send
    raise ConnectionError(e, request=request)
requests.exceptions.ConnectionError: HTTPConnectionPool(host='localhost', port=8097): Max retries exceeded with url: /events (Caused by NewConnectionError('<urllib3.connection.HTTPConnection object at 0x7f7b1ed8daf0>: Failed to establish a new connection: [Errno 111] Connection refused'))
[Errno 101] Network is unreachable
[Errno 101] Network is unreachable
Traceback (most recent call last):
  File "/root/miniconda3/envs/nam/lib/python3.8/site-packages/urllib3/connection.py", line 203, in _new_conn
    sock = connection.create_connection(
  File "/root/miniconda3/envs/nam/lib/python3.8/site-packages/urllib3/util/connection.py", line 85, in create_connection
    raise err
  File "/root/miniconda3/envs/nam/lib/python3.8/site-packages/urllib3/util/connection.py", line 73, in create_connection
    sock.connect(sa)
ConnectionRefusedError: [Errno 111] Connection refused

The above exception was the direct cause of the following exception:

Traceback (most recent call last):
  File "/root/miniconda3/envs/nam/lib/python3.8/site-packages/urllib3/connectionpool.py", line 790, in urlopen
    response = self._make_request(
  File "/root/miniconda3/envs/nam/lib/python3.8/site-packages/urllib3/connectionpool.py", line 496, in _make_request
    conn.request(
  File "/root/miniconda3/envs/nam/lib/python3.8/site-packages/urllib3/connection.py", line 395, in request
    self.endheaders()
  File "/root/miniconda3/envs/nam/lib/python3.8/http/client.py", line 1251, in endheaders
    self._send_output(message_body, encode_chunked=encode_chunked)
  File "/root/miniconda3/envs/nam/lib/python3.8/http/client.py", line 1011, in _send_output
    self.send(msg)
  File "/root/miniconda3/envs/nam/lib/python3.8/http/client.py", line 951, in send
    self.connect()
  File "/root/miniconda3/envs/nam/lib/python3.8/site-packages/urllib3/connection.py", line 243, in connect
    self.sock = self._new_conn()
  File "/root/miniconda3/envs/nam/lib/python3.8/site-packages/urllib3/connection.py", line 218, in _new_conn
    raise NewConnectionError(
urllib3.exceptions.NewConnectionError: <urllib3.connection.HTTPConnection object at 0x7f7b1ef4a850>: Failed to establish a new connection: [Errno 111] Connection refused

The above exception was the direct cause of the following exception:

Traceback (most recent call last):
  File "/root/miniconda3/envs/nam/lib/python3.8/site-packages/requests/adapters.py", line 486, in send
    resp = conn.urlopen(
  File "/root/miniconda3/envs/nam/lib/python3.8/site-packages/urllib3/connectionpool.py", line 844, in urlopen
    retries = retries.increment(
  File "/root/miniconda3/envs/nam/lib/python3.8/site-packages/urllib3/util/retry.py", line 515, in increment
    raise MaxRetryError(_pool, url, reason) from reason  # type: ignore[arg-type]
urllib3.exceptions.MaxRetryError: HTTPConnectionPool(host='localhost', port=8097): Max retries exceeded with url: /events (Caused by NewConnectionError('<urllib3.connection.HTTPConnection object at 0x7f7b1ef4a850>: Failed to establish a new connection: [Errno 111] Connection refused'))

During handling of the above exception, another exception occurred:

Traceback (most recent call last):
  File "/root/miniconda3/envs/nam/lib/python3.8/site-packages/visdom/__init__.py", line 362, in _send
    r = requests.post(
  File "/root/miniconda3/envs/nam/lib/python3.8/site-packages/requests/api.py", line 115, in post
    return request("post", url, data=data, json=json, **kwargs)
  File "/root/miniconda3/envs/nam/lib/python3.8/site-packages/requests/api.py", line 59, in request
    return session.request(method=method, url=url, **kwargs)
  File "/root/miniconda3/envs/nam/lib/python3.8/site-packages/requests/sessions.py", line 589, in request
    resp = self.send(prep, **send_kwargs)
  File "/root/miniconda3/envs/nam/lib/python3.8/site-packages/requests/sessions.py", line 703, in send
    r = adapter.send(request, **kwargs)
  File "/root/miniconda3/envs/nam/lib/python3.8/site-packages/requests/adapters.py", line 519, in send
    raise ConnectionError(e, request=request)
requests.exceptions.ConnectionError: HTTPConnectionPool(host='localhost', port=8097): Max retries exceeded with url: /events (Caused by NewConnectionError('<urllib3.connection.HTTPConnection object at 0x7f7b1ef4a850>: Failed to establish a new connection: [Errno 111] Connection refused'))
[Errno 101] Network is unreachable
[Errno 101] Network is unreachable
Traceback (most recent call last):
  File "/root/miniconda3/envs/nam/lib/python3.8/site-packages/urllib3/connection.py", line 203, in _new_conn
    sock = connection.create_connection(
  File "/root/miniconda3/envs/nam/lib/python3.8/site-packages/urllib3/util/connection.py", line 85, in create_connection
    raise err
  File "/root/miniconda3/envs/nam/lib/python3.8/site-packages/urllib3/util/connection.py", line 73, in create_connection
    sock.connect(sa)
ConnectionRefusedError: [Errno 111] Connection refused

The above exception was the direct cause of the following exception:

Traceback (most recent call last):
  File "/root/miniconda3/envs/nam/lib/python3.8/site-packages/urllib3/connectionpool.py", line 790, in urlopen
    response = self._make_request(
  File "/root/miniconda3/envs/nam/lib/python3.8/site-packages/urllib3/connectionpool.py", line 496, in _make_request
    conn.request(
  File "/root/miniconda3/envs/nam/lib/python3.8/site-packages/urllib3/connection.py", line 395, in request
    self.endheaders()
  File "/root/miniconda3/envs/nam/lib/python3.8/http/client.py", line 1251, in endheaders
    self._send_output(message_body, encode_chunked=encode_chunked)
  File "/root/miniconda3/envs/nam/lib/python3.8/http/client.py", line 1011, in _send_output
    self.send(msg)
  File "/root/miniconda3/envs/nam/lib/python3.8/http/client.py", line 951, in send
    self.connect()
  File "/root/miniconda3/envs/nam/lib/python3.8/site-packages/urllib3/connection.py", line 243, in connect
    self.sock = self._new_conn()
  File "/root/miniconda3/envs/nam/lib/python3.8/site-packages/urllib3/connection.py", line 218, in _new_conn
    raise NewConnectionError(
urllib3.exceptions.NewConnectionError: <urllib3.connection.HTTPConnection object at 0x7f7b1ed633a0>: Failed to establish a new connection: [Errno 111] Connection refused

The above exception was the direct cause of the following exception:

Traceback (most recent call last):
  File "/root/miniconda3/envs/nam/lib/python3.8/site-packages/requests/adapters.py", line 486, in send
    resp = conn.urlopen(
  File "/root/miniconda3/envs/nam/lib/python3.8/site-packages/urllib3/connectionpool.py", line 844, in urlopen
    retries = retries.increment(
  File "/root/miniconda3/envs/nam/lib/python3.8/site-packages/urllib3/util/retry.py", line 515, in increment
    raise MaxRetryError(_pool, url, reason) from reason  # type: ignore[arg-type]
urllib3.exceptions.MaxRetryError: HTTPConnectionPool(host='localhost', port=8097): Max retries exceeded with url: /events (Caused by NewConnectionError('<urllib3.connection.HTTPConnection object at 0x7f7b1ed633a0>: Failed to establish a new connection: [Errno 111] Connection refused'))

During handling of the above exception, another exception occurred:

Traceback (most recent call last):
  File "/root/miniconda3/envs/nam/lib/python3.8/site-packages/visdom/__init__.py", line 362, in _send
    r = requests.post(
  File "/root/miniconda3/envs/nam/lib/python3.8/site-packages/requests/api.py", line 115, in post
    return request("post", url, data=data, json=json, **kwargs)
  File "/root/miniconda3/envs/nam/lib/python3.8/site-packages/requests/api.py", line 59, in request
    return session.request(method=method, url=url, **kwargs)
  File "/root/miniconda3/envs/nam/lib/python3.8/site-packages/requests/sessions.py", line 589, in request
    resp = self.send(prep, **send_kwargs)
  File "/root/miniconda3/envs/nam/lib/python3.8/site-packages/requests/sessions.py", line 703, in send
    r = adapter.send(request, **kwargs)
  File "/root/miniconda3/envs/nam/lib/python3.8/site-packages/requests/adapters.py", line 519, in send
    raise ConnectionError(e, request=request)
requests.exceptions.ConnectionError: HTTPConnectionPool(host='localhost', port=8097): Max retries exceeded with url: /events (Caused by NewConnectionError('<urllib3.connection.HTTPConnection object at 0x7f7b1ed633a0>: Failed to establish a new connection: [Errno 111] Connection refused'))
[Errno 101] Network is unreachable
[Errno 101] Network is unreachable
Traceback (most recent call last):
  File "/root/miniconda3/envs/nam/lib/python3.8/site-packages/urllib3/connection.py", line 203, in _new_conn
    sock = connection.create_connection(
  File "/root/miniconda3/envs/nam/lib/python3.8/site-packages/urllib3/util/connection.py", line 85, in create_connection
    raise err
  File "/root/miniconda3/envs/nam/lib/python3.8/site-packages/urllib3/util/connection.py", line 73, in create_connection
    sock.connect(sa)
ConnectionRefusedError: [Errno 111] Connection refused

The above exception was the direct cause of the following exception:

Traceback (most recent call last):
  File "/root/miniconda3/envs/nam/lib/python3.8/site-packages/urllib3/connectionpool.py", line 790, in urlopen
    response = self._make_request(
  File "/root/miniconda3/envs/nam/lib/python3.8/site-packages/urllib3/connectionpool.py", line 496, in _make_request
    conn.request(
  File "/root/miniconda3/envs/nam/lib/python3.8/site-packages/urllib3/connection.py", line 395, in request
    self.endheaders()
  File "/root/miniconda3/envs/nam/lib/python3.8/http/client.py", line 1251, in endheaders
    self._send_output(message_body, encode_chunked=encode_chunked)
  File "/root/miniconda3/envs/nam/lib/python3.8/http/client.py", line 1011, in _send_output
    self.send(msg)
  File "/root/miniconda3/envs/nam/lib/python3.8/http/client.py", line 951, in send
    self.connect()
  File "/root/miniconda3/envs/nam/lib/python3.8/site-packages/urllib3/connection.py", line 243, in connect
    self.sock = self._new_conn()
  File "/root/miniconda3/envs/nam/lib/python3.8/site-packages/urllib3/connection.py", line 218, in _new_conn
    raise NewConnectionError(
urllib3.exceptions.NewConnectionError: <urllib3.connection.HTTPConnection object at 0x7f7b1ed5bc10>: Failed to establish a new connection: [Errno 111] Connection refused

The above exception was the direct cause of the following exception:

Traceback (most recent call last):
  File "/root/miniconda3/envs/nam/lib/python3.8/site-packages/requests/adapters.py", line 486, in send
    resp = conn.urlopen(
  File "/root/miniconda3/envs/nam/lib/python3.8/site-packages/urllib3/connectionpool.py", line 844, in urlopen
    retries = retries.increment(
  File "/root/miniconda3/envs/nam/lib/python3.8/site-packages/urllib3/util/retry.py", line 515, in increment
    raise MaxRetryError(_pool, url, reason) from reason  # type: ignore[arg-type]
urllib3.exceptions.MaxRetryError: HTTPConnectionPool(host='localhost', port=8097): Max retries exceeded with url: /events (Caused by NewConnectionError('<urllib3.connection.HTTPConnection object at 0x7f7b1ed5bc10>: Failed to establish a new connection: [Errno 111] Connection refused'))

During handling of the above exception, another exception occurred:

Traceback (most recent call last):
  File "/root/miniconda3/envs/nam/lib/python3.8/site-packages/visdom/__init__.py", line 362, in _send
    r = requests.post(
  File "/root/miniconda3/envs/nam/lib/python3.8/site-packages/requests/api.py", line 115, in post
    return request("post", url, data=data, json=json, **kwargs)
  File "/root/miniconda3/envs/nam/lib/python3.8/site-packages/requests/api.py", line 59, in request
    return session.request(method=method, url=url, **kwargs)
  File "/root/miniconda3/envs/nam/lib/python3.8/site-packages/requests/sessions.py", line 589, in request
    resp = self.send(prep, **send_kwargs)
  File "/root/miniconda3/envs/nam/lib/python3.8/site-packages/requests/sessions.py", line 703, in send
    r = adapter.send(request, **kwargs)
  File "/root/miniconda3/envs/nam/lib/python3.8/site-packages/requests/adapters.py", line 519, in send
    raise ConnectionError(e, request=request)
requests.exceptions.ConnectionError: HTTPConnectionPool(host='localhost', port=8097): Max retries exceeded with url: /events (Caused by NewConnectionError('<urllib3.connection.HTTPConnection object at 0x7f7b1ed5bc10>: Failed to establish a new connection: [Errno 111] Connection refused'))
[Errno 101] Network is unreachable
[Errno 101] Network is unreachable
(epoch: 199, iters: 100, time: 0.095, data: 0.341) G_GAN: 3.702 G_L1: 20.612 D_real: 0.059 D_fake: 0.043 
Exception in user code:
------------------------------------------------------------
(epoch: 199, iters: 200, time: 0.100, data: 0.002) G_GAN: 2.641 G_L1: 19.379 D_real: 0.081 D_fake: 0.150 
Exception in user code:
------------------------------------------------------------
(epoch: 199, iters: 300, time: 0.097, data: 0.002) G_GAN: 3.396 G_L1: 19.934 D_real: 0.027 D_fake: 0.068 
Exception in user code:
------------------------------------------------------------
(epoch: 199, iters: 400, time: 1.075, data: 0.002) G_GAN: 4.972 G_L1: 18.409 D_real: 0.103 D_fake: 0.013 
End of epoch 199 / 200 	 Time Taken: 26 sec
learning rate 0.0000020 -> 0.0000000
(epoch: 200, iters: 100, time: 0.085, data: 0.251) G_GAN: 3.235 G_L1: 24.102 D_real: 0.002 D_fake: 0.076 
(epoch: 200, iters: 200, time: 0.098, data: 0.002) G_GAN: 3.932 G_L1: 22.825 D_real: 0.003 D_fake: 0.042 
(epoch: 200, iters: 300, time: 0.103, data: 0.003) G_GAN: 2.557 G_L1: 18.119 D_real: 0.018 D_fake: 0.137 
(epoch: 200, iters: 400, time: 0.615, data: 0.002) G_GAN: 2.947 G_L1: 25.068 D_real: 0.002 D_fake: 0.106 
saving the latest model (epoch 200, total_iters 80000)
saving the model at the end of epoch 200, iters 80000
End of epoch 200 / 200 	 Time Taken: 29 sec
